#
# There is insufficient memory for the Java Runtime Environment to continue.
# Native memory allocation (malloc) failed to allocate 1789760 bytes for Chunk::new
# Possible reasons:
#   The system is out of physical RAM or swap space
#   The process is running with CompressedOops enabled, and the Java Heap may be blocking the growth of the native heap
# Possible solutions:
#   Reduce memory load on the system
#   Increase physical memory or swap space
#   Check if swap backing store is full
#   Decrease Java heap size (-Xmx/-Xms)
#   Decrease number of Java threads
#   Decrease Java thread stack sizes (-Xss)
#   Set larger code cache with -XX:ReservedCodeCacheSize=
#   JVM is running with Unscaled Compressed Oops mode in which the Java heap is
#     placed in the first 4GB address space. The Java Heap base address is the
#     maximum limit for the native heap growth. Please use -XX:HeapBaseMinAddress
#     to set the Java Heap base and to place the Java Heap above 4GB virtual address.
# This output file may be truncated or incomplete.
#
#  Out of Memory Error (arena.cpp:184), pid=576, tid=7132
#
# JRE version: Java(TM) SE Runtime Environment (18.0.2.1+1) (build 18.0.2.1+1-1)
# Java VM: Java HotSpot(TM) 64-Bit Server VM (18.0.2.1+1-1, mixed mode, sharing, tiered, compressed oops, compressed class ptrs, g1 gc, windows-amd64)
# No core dump will be written. Minidumps are not enabled by default on client versions of Windows
#

---------------  S U M M A R Y ------------

Command Line: org.jetbrains.kotlin.cli.jvm.K2JVMCompiler @C:\Users\Lenovo\Desktop\arta_app\node_modules\react-native-gesture-handler\android\build\20230523_4932656995012397385.compiler.options

Host: Intel(R) Pentium(R) CPU 6405U @ 2.40GHz, 4 cores, 3G,  Windows 11 , 64 bit Build 22621 (10.0.22621.1635)
Time: Tue May 23 16:45:26 2023 SE Asia Standard Time elapsed time: 20.886512 seconds (0d 0h 0m 20s)

---------------  T H R E A D  ---------------

Current thread (0x000001f3c23bef60):  JavaThread "C2 CompilerThread0" daemon [_thread_in_native, id=7132, stack(0x000000cd49200000,0x000000cd49300000)]


Current CompileTask:
C2:  20886 3906       4       org.jetbrains.kotlin.parsing.AbstractKotlinParsing::atSet (113 bytes)

Stack: [0x000000cd49200000,0x000000cd49300000]
Native frames: (J=compiled Java code, j=interpreted, Vv=VM code, C=native code)
V  [jvm.dll+0x6993aa]
V  [jvm.dll+0x7f46dd]
V  [jvm.dll+0x7f5fee]
V  [jvm.dll+0x7f66a3]
V  [jvm.dll+0x25cf1f]
V  [jvm.dll+0xb8c2f]
V  [jvm.dll+0xb8fa5]
V  [jvm.dll+0x3860cb]
V  [jvm.dll+0x34fe71]
V  [jvm.dll+0x34f30a]
V  [jvm.dll+0x230101]
V  [jvm.dll+0x22f4d1]
V  [jvm.dll+0x1ba01c]
V  [jvm.dll+0x23ee0a]
V  [jvm.dll+0x23d0f5]
V  [jvm.dll+0x7a6dd1]
V  [jvm.dll+0x7a120a]
V  [jvm.dll+0x698255]
C  [ucrtbase.dll+0x29363]
C  [KERNEL32.DLL+0x126ad]
C  [ntdll.dll+0x5a9f8]


---------------  P R O C E S S  ---------------

Threads class SMR info:
_java_thread_list=0x000001f3c6831a70, length=12, elements={
0x000001f3a71b5670, 0x000001f3a72546e0, 0x000001f3a7255080, 0x000001f3a726a6c0,
0x000001f3a726d070, 0x000001f3a726da10, 0x000001f3a726e3b0, 0x000001f3c23bef60,
0x000001f3c23bf850, 0x000001f3c2436050, 0x000001f3c6853590, 0x000001f3c68582a0
}

Java Threads: ( => current thread )
  0x000001f3a71b5670 JavaThread "main" [_thread_in_Java, id=19052, stack(0x000000cd48500000,0x000000cd48600000)]
  0x000001f3a72546e0 JavaThread "Reference Handler" daemon [_thread_blocked, id=10272, stack(0x000000cd48c00000,0x000000cd48d00000)]
  0x000001f3a7255080 JavaThread "Finalizer" daemon [_thread_blocked, id=12932, stack(0x000000cd48d00000,0x000000cd48e00000)]
  0x000001f3a726a6c0 JavaThread "Signal Dispatcher" daemon [_thread_blocked, id=5080, stack(0x000000cd48e00000,0x000000cd48f00000)]
  0x000001f3a726d070 JavaThread "Attach Listener" daemon [_thread_blocked, id=9548, stack(0x000000cd48f00000,0x000000cd49000000)]
  0x000001f3a726da10 JavaThread "Service Thread" daemon [_thread_blocked, id=12432, stack(0x000000cd49000000,0x000000cd49100000)]
  0x000001f3a726e3b0 JavaThread "Monitor Deflation Thread" daemon [_thread_blocked, id=6820, stack(0x000000cd49100000,0x000000cd49200000)]
=>0x000001f3c23bef60 JavaThread "C2 CompilerThread0" daemon [_thread_in_native, id=7132, stack(0x000000cd49200000,0x000000cd49300000)]
  0x000001f3c23bf850 JavaThread "C1 CompilerThread0" daemon [_thread_blocked, id=16472, stack(0x000000cd49300000,0x000000cd49400000)]
  0x000001f3c2436050 JavaThread "Sweeper thread" daemon [_thread_blocked, id=11560, stack(0x000000cd49400000,0x000000cd49500000)]
  0x000001f3c6853590 JavaThread "Notification Thread" daemon [_thread_blocked, id=9652, stack(0x000000cd49500000,0x000000cd49600000)]
  0x000001f3c68582a0 JavaThread "Common-Cleaner" daemon [_thread_blocked, id=19088, stack(0x000000cd49700000,0x000000cd49800000)]

Other Threads:
  0x000001f3a72506d0 VMThread "VM Thread" [stack: 0x000000cd48b00000,0x000000cd48c00000] [id=15532]
  0x000001f3c6857e80 WatcherThread "VM Periodic Task Thread" [stack: 0x000000cd49600000,0x000000cd49700000] [id=18436]
  0x000001f3a71f66f0 WorkerThread "GC Thread#0" [stack: 0x000000cd48600000,0x000000cd48700000] [id=5176]
  0x000001f3c6bac980 WorkerThread "GC Thread#1" [stack: 0x000000cd49800000,0x000000cd49900000] [id=672]
  0x000001f3c6bbec10 WorkerThread "GC Thread#2" [stack: 0x000000cd49900000,0x000000cd49a00000] [id=3396]
  0x000001f3c6bbeeb0 WorkerThread "GC Thread#3" [stack: 0x000000cd49a00000,0x000000cd49b00000] [id=17436]
  0x000001f3a71ff120 ConcurrentGCThread "G1 Main Marker" [stack: 0x000000cd48700000,0x000000cd48800000] [id=7912]
  0x000001f3a71ffb10 WorkerThread "G1 Conc#0" [stack: 0x000000cd48800000,0x000000cd48900000] [id=8404]
  0x000001f3a7226df0 ConcurrentGCThread "G1 Refine#0" [stack: 0x000000cd48900000,0x000000cd48a00000] [id=7640]
  0x000001f3c7d8a490 ConcurrentGCThread "G1 Refine#1" [stack: 0x000000cd49b00000,0x000000cd49c00000] [id=3736]
  0x000001f3c8e84500 ConcurrentGCThread "G1 Refine#2" [stack: 0x000000cd49c00000,0x000000cd49d00000] [id=2740]
  0x000001f3a7228710 ConcurrentGCThread "G1 Service" [stack: 0x000000cd48a00000,0x000000cd48b00000] [id=1960]

Threads with active compile tasks:
C2 CompilerThread0    20918 3906       4       org.jetbrains.kotlin.parsing.AbstractKotlinParsing::atSet (113 bytes)

VM state: not at safepoint (normal execution)

VM Mutex/Monitor currently owned by a thread: None

Heap address: 0x00000000c2800000, size: 984 MB, Compressed Oops mode: 32-bit

CDS archive(s) mapped at: [0x0000000800000000-0x0000000800ba0000-0x0000000800ba0000), size 12189696, SharedBaseAddress: 0x0000000800000000, ArchiveRelocationMode: 0.
Compressed class space mapped at: 0x0000000800c00000-0x0000000840c00000, reserved size: 1073741824
Narrow klass base: 0x0000000800000000, Narrow klass shift: 0, Narrow klass range: 0x100000000

GC Precious Log:
 CardTable entry size: 512
 Card Set container configuration: InlinePtr #cards 5 size 8 Array Of Cards #cards 12 size 40 Howl #buckets 4 coarsen threshold 1843 Howl Bitmap #cards 512 size 80 coarsen threshold 460 Card regions per heap region 1 cards per card region 2048
 CPUs: 4 total, 4 available
 Memory: 3930M
 Large Page Support: Disabled
 NUMA Support: Disabled
 Compressed Oops: Enabled (32-bit)
 Heap Region Size: 1M
 Heap Min Capacity: 8M
 Heap Initial Capacity: 62M
 Heap Max Capacity: 984M
 Pre-touch: Disabled
 Parallel Workers: 4
 Concurrent Workers: 1
 Concurrent Refinement Workers: 4
 Periodic GC: Disabled

Heap:
 garbage-first heap   total 63488K, used 37157K [0x00000000c2800000, 0x0000000100000000)
  region size 1024K, 11 young (11264K), 2 survivors (2048K)
 Metaspace       used 36679K, committed 37376K, reserved 1114112K
  class space    used 4565K, committed 4928K, reserved 1048576K

Heap Regions: E=young(eden), S=young(survivor), O=old, HS=humongous(starts), HC=humongous(continues), CS=collection set, F=free, OA=open archive, CA=closed archive, TAMS=top-at-mark-start (previous, next)
|   0|0x00000000c2800000, 0x00000000c2900000, 0x00000000c2900000|100%|HS|  |TAMS 0x00000000c2900000, 0x00000000c2800000| Complete 
|   1|0x00000000c2900000, 0x00000000c2a00000, 0x00000000c2a00000|100%|HC|  |TAMS 0x00000000c2a00000, 0x00000000c2900000| Complete 
|   2|0x00000000c2a00000, 0x00000000c2b00000, 0x00000000c2b00000|100%|HC|  |TAMS 0x00000000c2b00000, 0x00000000c2a00000| Complete 
|   3|0x00000000c2b00000, 0x00000000c2c00000, 0x00000000c2c00000|100%| O|  |TAMS 0x00000000c2c00000, 0x00000000c2b00000| Untracked 
|   4|0x00000000c2c00000, 0x00000000c2d00000, 0x00000000c2d00000|100%| O|  |TAMS 0x00000000c2d00000, 0x00000000c2c00000| Untracked 
|   5|0x00000000c2d00000, 0x00000000c2e00000, 0x00000000c2e00000|100%| O|  |TAMS 0x00000000c2e00000, 0x00000000c2d00000| Complete 
|   6|0x00000000c2e00000, 0x00000000c2f00000, 0x00000000c2f00000|100%|HS|  |TAMS 0x00000000c2f00000, 0x00000000c2e00000| Complete 
|   7|0x00000000c2f00000, 0x00000000c3000000, 0x00000000c3000000|100%|HC|  |TAMS 0x00000000c3000000, 0x00000000c2f00000| Complete 
|   8|0x00000000c3000000, 0x00000000c3100000, 0x00000000c3100000|100%|HC|  |TAMS 0x00000000c3100000, 0x00000000c3000000| Complete 
|   9|0x00000000c3100000, 0x00000000c3100000, 0x00000000c3200000|  0%| F|  |TAMS 0x00000000c3100000, 0x00000000c3100000| Untracked 
|  10|0x00000000c3200000, 0x00000000c3300000, 0x00000000c3300000|100%| O|  |TAMS 0x00000000c3300000, 0x00000000c3200000| Untracked 
|  11|0x00000000c3300000, 0x00000000c3400000, 0x00000000c3400000|100%| O|  |TAMS 0x00000000c3400000, 0x00000000c3300000| Untracked 
|  12|0x00000000c3400000, 0x00000000c3500000, 0x00000000c3500000|100%| O|  |TAMS 0x00000000c3500000, 0x00000000c3400000| Untracked 
|  13|0x00000000c3500000, 0x00000000c3600000, 0x00000000c3600000|100%| O|  |TAMS 0x00000000c3600000, 0x00000000c3500000| Untracked 
|  14|0x00000000c3600000, 0x00000000c3700000, 0x00000000c3700000|100%| O|  |TAMS 0x00000000c3700000, 0x00000000c3600000| Untracked 
|  15|0x00000000c3700000, 0x00000000c3800000, 0x00000000c3800000|100%| O|  |TAMS 0x00000000c3800000, 0x00000000c3700000| Untracked 
|  16|0x00000000c3800000, 0x00000000c3900000, 0x00000000c3900000|100%| O|  |TAMS 0x00000000c3900000, 0x00000000c3800000| Untracked 
|  17|0x00000000c3900000, 0x00000000c3a00000, 0x00000000c3a00000|100%| O|  |TAMS 0x00000000c3a00000, 0x00000000c3900000| Untracked 
|  18|0x00000000c3a00000, 0x00000000c3b00000, 0x00000000c3b00000|100%| O|  |TAMS 0x00000000c3b00000, 0x00000000c3a00000| Complete 
|  19|0x00000000c3b00000, 0x00000000c3c00000, 0x00000000c3c00000|100%| O|  |TAMS 0x00000000c3c00000, 0x00000000c3b00000| Untracked 
|  20|0x00000000c3c00000, 0x00000000c3d00000, 0x00000000c3d00000|100%| O|  |TAMS 0x00000000c3d00000, 0x00000000c3c00000| Untracked 
|  21|0x00000000c3d00000, 0x00000000c3e00000, 0x00000000c3e00000|100%| O|  |TAMS 0x00000000c3e00000, 0x00000000c3d00000| Untracked 
|  22|0x00000000c3e00000, 0x00000000c3f00000, 0x00000000c3f00000|100%| O|  |TAMS 0x00000000c3f00000, 0x00000000c3e00000| Untracked 
|  23|0x00000000c3f00000, 0x00000000c4000000, 0x00000000c4000000|100%| O|  |TAMS 0x00000000c4000000, 0x00000000c3f00000| Untracked 
|  24|0x00000000c4000000, 0x00000000c4100000, 0x00000000c4100000|100%| O|  |TAMS 0x00000000c4100000, 0x00000000c4000000| Untracked 
|  25|0x00000000c4100000, 0x00000000c4200000, 0x00000000c4200000|100%| O|  |TAMS 0x00000000c4200000, 0x00000000c4100000| Untracked 
|  26|0x00000000c4200000, 0x00000000c4300000, 0x00000000c4300000|100%| O|  |TAMS 0x00000000c4300000, 0x00000000c4200000| Untracked 
|  27|0x00000000c4300000, 0x00000000c436e800, 0x00000000c4400000| 43%| O|  |TAMS 0x00000000c436e800, 0x00000000c4300000| Untracked 
|  28|0x00000000c4400000, 0x00000000c4400000, 0x00000000c4500000|  0%| F|  |TAMS 0x00000000c4400000, 0x00000000c4400000| Untracked 
|  29|0x00000000c4500000, 0x00000000c4500000, 0x00000000c4600000|  0%| F|  |TAMS 0x00000000c4500000, 0x00000000c4500000| Untracked 
|  30|0x00000000c4600000, 0x00000000c4600000, 0x00000000c4700000|  0%| F|  |TAMS 0x00000000c4600000, 0x00000000c4600000| Untracked 
|  31|0x00000000c4700000, 0x00000000c4700000, 0x00000000c4800000|  0%| F|  |TAMS 0x00000000c4700000, 0x00000000c4700000| Untracked 
|  32|0x00000000c4800000, 0x00000000c4800000, 0x00000000c4900000|  0%| F|  |TAMS 0x00000000c4800000, 0x00000000c4800000| Untracked 
|  33|0x00000000c4900000, 0x00000000c4900000, 0x00000000c4a00000|  0%| F|  |TAMS 0x00000000c4900000, 0x00000000c4900000| Untracked 
|  34|0x00000000c4a00000, 0x00000000c4a00000, 0x00000000c4b00000|  0%| F|  |TAMS 0x00000000c4a00000, 0x00000000c4a00000| Untracked 
|  35|0x00000000c4b00000, 0x00000000c4b00000, 0x00000000c4c00000|  0%| F|  |TAMS 0x00000000c4b00000, 0x00000000c4b00000| Untracked 
|  36|0x00000000c4c00000, 0x00000000c4c00000, 0x00000000c4d00000|  0%| F|  |TAMS 0x00000000c4c00000, 0x00000000c4c00000| Untracked 
|  37|0x00000000c4d00000, 0x00000000c4d00000, 0x00000000c4e00000|  0%| F|  |TAMS 0x00000000c4d00000, 0x00000000c4d00000| Untracked 
|  38|0x00000000c4e00000, 0x00000000c4e00000, 0x00000000c4f00000|  0%| F|  |TAMS 0x00000000c4e00000, 0x00000000c4e00000| Untracked 
|  39|0x00000000c4f00000, 0x00000000c4f00000, 0x00000000c5000000|  0%| F|  |TAMS 0x00000000c4f00000, 0x00000000c4f00000| Untracked 
|  40|0x00000000c5000000, 0x00000000c5000000, 0x00000000c5100000|  0%| F|  |TAMS 0x00000000c5000000, 0x00000000c5000000| Untracked 
|  41|0x00000000c5100000, 0x00000000c5100000, 0x00000000c5200000|  0%| F|  |TAMS 0x00000000c5100000, 0x00000000c5100000| Untracked 
|  42|0x00000000c5200000, 0x00000000c5200000, 0x00000000c5300000|  0%| F|  |TAMS 0x00000000c5200000, 0x00000000c5200000| Untracked 
|  43|0x00000000c5300000, 0x00000000c5300000, 0x00000000c5400000|  0%| F|  |TAMS 0x00000000c5300000, 0x00000000c5300000| Untracked 
|  44|0x00000000c5400000, 0x00000000c5400000, 0x00000000c5500000|  0%| F|  |TAMS 0x00000000c5400000, 0x00000000c5400000| Untracked 
|  45|0x00000000c5500000, 0x00000000c5500000, 0x00000000c5600000|  0%| F|  |TAMS 0x00000000c5500000, 0x00000000c5500000| Untracked 
|  46|0x00000000c5600000, 0x00000000c5600000, 0x00000000c5700000|  0%| F|  |TAMS 0x00000000c5600000, 0x00000000c5600000| Untracked 
|  47|0x00000000c5700000, 0x00000000c5700000, 0x00000000c5800000|  0%| F|  |TAMS 0x00000000c5700000, 0x00000000c5700000| Untracked 
|  48|0x00000000c5800000, 0x00000000c5800000, 0x00000000c5900000|  0%| F|  |TAMS 0x00000000c5800000, 0x00000000c5800000| Untracked 
|  49|0x00000000c5900000, 0x00000000c5900000, 0x00000000c5a00000|  0%| F|  |TAMS 0x00000000c5900000, 0x00000000c5900000| Untracked 
|  50|0x00000000c5a00000, 0x00000000c5a00000, 0x00000000c5b00000|  0%| F|  |TAMS 0x00000000c5a00000, 0x00000000c5a00000| Untracked 
|  51|0x00000000c5b00000, 0x00000000c5babdb0, 0x00000000c5c00000| 67%| E|  |TAMS 0x00000000c5b00000, 0x00000000c5b00000| Complete 
|  52|0x00000000c5c00000, 0x00000000c5cdae50, 0x00000000c5d00000| 85%| S|CS|TAMS 0x00000000c5c00000, 0x00000000c5c00000| Complete 
|  53|0x00000000c5d00000, 0x00000000c5e00000, 0x00000000c5e00000|100%| S|CS|TAMS 0x00000000c5d00000, 0x00000000c5d00000| Complete 
|  54|0x00000000c5e00000, 0x00000000c5f00000, 0x00000000c5f00000|100%| E|CS|TAMS 0x00000000c5e00000, 0x00000000c5e00000| Complete 
|  55|0x00000000c5f00000, 0x00000000c6000000, 0x00000000c6000000|100%| E|CS|TAMS 0x00000000c5f00000, 0x00000000c5f00000| Complete 
|  56|0x00000000c6000000, 0x00000000c6100000, 0x00000000c6100000|100%| E|CS|TAMS 0x00000000c6000000, 0x00000000c6000000| Complete 
|  57|0x00000000c6100000, 0x00000000c6200000, 0x00000000c6200000|100%| E|CS|TAMS 0x00000000c6100000, 0x00000000c6100000| Complete 
|  58|0x00000000c6200000, 0x00000000c6300000, 0x00000000c6300000|100%| E|CS|TAMS 0x00000000c6200000, 0x00000000c6200000| Complete 
|  59|0x00000000c6300000, 0x00000000c6400000, 0x00000000c6400000|100%| E|CS|TAMS 0x00000000c6300000, 0x00000000c6300000| Complete 
|  60|0x00000000c6400000, 0x00000000c6500000, 0x00000000c6500000|100%| E|CS|TAMS 0x00000000c6400000, 0x00000000c6400000| Complete 
|  61|0x00000000c6500000, 0x00000000c6600000, 0x00000000c6600000|100%| E|CS|TAMS 0x00000000c6500000, 0x00000000c6500000| Complete 

Card table byte_map: [0x000001f3bdcd0000,0x000001f3bdec0000] _byte_map_base: 0x000001f3bd6bc000

Marking Bits (Prev, Next): (CMBitMap*) 0x000001f3a71f6cf0, (CMBitMap*) 0x000001f3a71f6d30
 Prev Bits: [0x000001f3be0b0000, 0x000001f3bf010000)
 Next Bits: [0x000001f3bf010000, 0x000001f3bff70000)

Polling page: 0x000001f3a6970000

Metaspace:

Usage:
  Non-class:     31.38 MB used.
      Class:      4.46 MB used.
       Both:     35.84 MB used.

Virtual space:
  Non-class space:       64.00 MB reserved,      31.69 MB ( 50%) committed,  1 nodes.
      Class space:        1.00 GB reserved,       4.81 MB ( <1%) committed,  1 nodes.
             Both:        1.06 GB reserved,      36.50 MB (  3%) committed. 

Chunk freelists:
   Non-Class:  3.81 MB
       Class:  3.20 MB
        Both:  7.01 MB

MaxMetaspaceSize: unlimited
CompressedClassSpaceSize: 1.00 GB
Initial GC threshold: 21.00 MB
Current GC threshold: 58.69 MB
CDS: on
MetaspaceReclaimPolicy: balanced
 - commit_granule_bytes: 65536.
 - commit_granule_words: 8192.
 - virtual_space_node_default_size: 8388608.
 - enlarge_chunks_in_place: 1.
 - new_chunks_are_fully_committed: 0.
 - uncommit_free_chunks: 1.
 - use_allocation_guard: 0.


Internal statistics:

num_allocs_failed_limit: 6.
num_arena_births: 1220.
num_arena_deaths: 0.
num_vsnodes_births: 2.
num_vsnodes_deaths: 0.
num_space_committed: 582.
num_space_uncommitted: 0.
num_chunks_returned_to_freelist: 6.
num_chunks_taken_from_freelist: 2735.
num_chunk_merges: 6.
num_chunk_splits: 1949.
num_chunks_enlarged: 1329.
num_inconsistent_stats: 0.

CodeHeap 'non-profiled nmethods': size=120000Kb used=1767Kb max_used=1767Kb free=118232Kb
 bounds [0x000001f3b65b0000, 0x000001f3b6820000, 0x000001f3bdae0000]
CodeHeap 'profiled nmethods': size=120000Kb used=7992Kb max_used=7992Kb free=112007Kb
 bounds [0x000001f3af080000, 0x000001f3af850000, 0x000001f3b65b0000]
CodeHeap 'non-nmethods': size=5760Kb used=1280Kb max_used=1352Kb free=4480Kb
 bounds [0x000001f3aeae0000, 0x000001f3aed50000, 0x000001f3af080000]
 total_blobs=4548 nmethods=3963 adapters=498
 compilation: enabled
              stopped_count=0, restarted_count=0
 full_count=0

Compilation events (20 events):
Event: 20.582 Thread 0x000001f3c23bf850 3969       3       org.jetbrains.kotlin.psi.KtElementImplStub::<init> (14 bytes)
Event: 20.583 Thread 0x000001f3c23bf850 nmethod 3969 0x000001f3af847b90 code [0x000001f3af847de0, 0x000001f3af848798]
Event: 20.583 Thread 0x000001f3c23bf850 3970       3       org.jetbrains.kotlin.com.intellij.psi.impl.source.SubstrateRef::createAstStrongRef (17 bytes)
Event: 20.583 Thread 0x000001f3c23bf850 nmethod 3970 0x000001f3af848b10 code [0x000001f3af848cc0, 0x000001f3af849008]
Event: 20.583 Thread 0x000001f3c23bf850 3971       3       org.jetbrains.kotlin.com.intellij.diagnostic.LoadingState::checkOccurred (38 bytes)
Event: 20.584 Thread 0x000001f3c23bf850 nmethod 3971 0x000001f3af849190 code [0x000001f3af849380, 0x000001f3af849768]
Event: 20.670 Thread 0x000001f3c23bf850 3972       3       org.jetbrains.kotlin.it.unimi.dsi.fastutil.HashCommon::arraySize (71 bytes)
Event: 20.672 Thread 0x000001f3c23bf850 nmethod 3972 0x000001f3af849890 code [0x000001f3af849b40, 0x000001f3af84a568]
Event: 20.717 Thread 0x000001f3c23bf850 3973   !   3       java.lang.invoke.MethodHandleNatives::linkMethodHandleConstant (50 bytes)
Event: 20.717 Thread 0x000001f3c23bf850 nmethod 3973 0x000001f3af84a990 code [0x000001f3af84ab60, 0x000001f3af84ad48]
Event: 20.719 Thread 0x000001f3c23bf850 3974       3       java.lang.invoke.InnerClassLambdaMetafactory::getOpcodeOffset (38 bytes)
Event: 20.719 Thread 0x000001f3c23bf850 nmethod 3974 0x000001f3af84af10 code [0x000001f3af84b0e0, 0x000001f3af84b3b8]
Event: 20.846 Thread 0x000001f3c23bf850 3975       1       org.jetbrains.kotlin.com.intellij.mock.MockComponentManager::isDisposed (5 bytes)
Event: 20.846 Thread 0x000001f3c23bf850 nmethod 3975 0x000001f3b6768490 code [0x000001f3b6768620, 0x000001f3b67686f8]
Event: 20.846 Thread 0x000001f3c23bf850 3976       1       java.util.concurrent.atomic.AtomicReference::get (5 bytes)
Event: 20.847 Thread 0x000001f3c23bf850 nmethod 3976 0x000001f3b6768790 code [0x000001f3b6768920, 0x000001f3b67689f8]
Event: 20.851 Thread 0x000001f3c23bf850 3978       3       java.lang.invoke.TypeConvertingMethodAdapter::cast (42 bytes)
Event: 20.852 Thread 0x000001f3c23bf850 nmethod 3978 0x000001f3af84b490 code [0x000001f3af84b680, 0x000001f3af84bb08]
Event: 20.857 Thread 0x000001f3c23bf850 3979       3       sun.invoke.util.VerifyType::isNullConversion (157 bytes)
Event: 20.859 Thread 0x000001f3c23bf850 nmethod 3979 0x000001f3af84bc90 code [0x000001f3af84bfc0, 0x000001f3af84d5a8]

GC Heap History (18 events):
Event: 2.124 GC heap before
{Heap before GC invocations=0 (full 0):
 garbage-first heap   total 63488K, used 16384K [0x00000000c2800000, 0x0000000100000000)
  region size 1024K, 13 young (13312K), 0 survivors (0K)
 Metaspace       used 3908K, committed 4096K, reserved 1114112K
  class space    used 317K, committed 384K, reserved 1048576K
}
Event: 2.170 GC heap after
{Heap after GC invocations=1 (full 0):
 garbage-first heap   total 63488K, used 5256K [0x00000000c2800000, 0x0000000100000000)
  region size 1024K, 2 young (2048K), 2 survivors (2048K)
 Metaspace       used 3908K, committed 4096K, reserved 1114112K
  class space    used 317K, committed 384K, reserved 1048576K
}
Event: 4.516 GC heap before
{Heap before GC invocations=1 (full 0):
 garbage-first heap   total 63488K, used 21640K [0x00000000c2800000, 0x0000000100000000)
  region size 1024K, 18 young (18432K), 2 survivors (2048K)
 Metaspace       used 7859K, committed 8000K, reserved 1114112K
  class space    used 806K, committed 896K, reserved 1048576K
}
Event: 4.525 GC heap after
{Heap after GC invocations=2 (full 0):
 garbage-first heap   total 63488K, used 6842K [0x00000000c2800000, 0x0000000100000000)
  region size 1024K, 2 young (2048K), 2 survivors (2048K)
 Metaspace       used 7859K, committed 8000K, reserved 1114112K
  class space    used 806K, committed 896K, reserved 1048576K
}
Event: 8.539 GC heap before
{Heap before GC invocations=2 (full 0):
 garbage-first heap   total 63488K, used 43706K [0x00000000c2800000, 0x0000000100000000)
  region size 1024K, 36 young (36864K), 2 survivors (2048K)
 Metaspace       used 16195K, committed 16448K, reserved 1114112K
  class space    used 1818K, committed 1920K, reserved 1048576K
}
Event: 8.559 GC heap after
{Heap after GC invocations=3 (full 0):
 garbage-first heap   total 63488K, used 15678K [0x00000000c2800000, 0x0000000100000000)
  region size 1024K, 5 young (5120K), 5 survivors (5120K)
 Metaspace       used 16195K, committed 16448K, reserved 1114112K
  class space    used 1818K, committed 1920K, reserved 1048576K
}
Event: 10.319 GC heap before
{Heap before GC invocations=3 (full 0):
 garbage-first heap   total 63488K, used 33086K [0x00000000c2800000, 0x0000000100000000)
  region size 1024K, 23 young (23552K), 5 survivors (5120K)
 Metaspace       used 21245K, committed 21504K, reserved 1114112K
  class space    used 2708K, committed 2816K, reserved 1048576K
}
Event: 10.341 GC heap after
{Heap after GC invocations=4 (full 0):
 garbage-first heap   total 63488K, used 19591K [0x00000000c2800000, 0x0000000100000000)
  region size 1024K, 4 young (4096K), 4 survivors (4096K)
 Metaspace       used 21245K, committed 21504K, reserved 1114112K
  class space    used 2708K, committed 2816K, reserved 1048576K
}
Event: 13.885 GC heap before
{Heap before GC invocations=5 (full 0):
 garbage-first heap   total 63488K, used 42119K [0x00000000c2800000, 0x0000000100000000)
  region size 1024K, 24 young (24576K), 4 survivors (4096K)
 Metaspace       used 23797K, committed 24064K, reserved 1114112K
  class space    used 3196K, committed 3328K, reserved 1048576K
}
Event: 13.901 GC heap after
{Heap after GC invocations=6 (full 0):
 garbage-first heap   total 63488K, used 26016K [0x00000000c2800000, 0x0000000100000000)
  region size 1024K, 3 young (3072K), 3 survivors (3072K)
 Metaspace       used 23797K, committed 24064K, reserved 1114112K
  class space    used 3196K, committed 3328K, reserved 1048576K
}
Event: 15.735 GC heap before
{Heap before GC invocations=6 (full 0):
 garbage-first heap   total 63488K, used 43424K [0x00000000c2800000, 0x0000000100000000)
  region size 1024K, 20 young (20480K), 3 survivors (3072K)
 Metaspace       used 27629K, committed 27968K, reserved 1114112K
  class space    used 3615K, committed 3776K, reserved 1048576K
}
Event: 15.747 GC heap after
{Heap after GC invocations=7 (full 0):
 garbage-first heap   total 63488K, used 25905K [0x00000000c2800000, 0x0000000100000000)
  region size 1024K, 3 young (3072K), 3 survivors (3072K)
 Metaspace       used 27629K, committed 27968K, reserved 1114112K
  class space    used 3615K, committed 3776K, reserved 1048576K
}
Event: 16.749 GC heap before
{Heap before GC invocations=7 (full 0):
 garbage-first heap   total 63488K, used 44337K [0x00000000c2800000, 0x0000000100000000)
  region size 1024K, 21 young (21504K), 3 survivors (3072K)
 Metaspace       used 31286K, committed 31552K, reserved 1114112K
  class space    used 3915K, committed 4032K, reserved 1048576K
}
Event: 16.759 GC heap after
{Heap after GC invocations=8 (full 0):
 garbage-first heap   total 63488K, used 28180K [0x00000000c2800000, 0x0000000100000000)
  region size 1024K, 3 young (3072K), 3 survivors (3072K)
 Metaspace       used 31286K, committed 31552K, reserved 1114112K
  class space    used 3915K, committed 4032K, reserved 1048576K
}
Event: 18.367 GC heap before
{Heap before GC invocations=8 (full 0):
 garbage-first heap   total 63488K, used 45588K [0x00000000c2800000, 0x0000000100000000)
  region size 1024K, 20 young (20480K), 3 survivors (3072K)
 Metaspace       used 33590K, committed 34176K, reserved 1114112K
  class space    used 4234K, committed 4544K, reserved 1048576K
}
Event: 18.376 GC heap after
{Heap after GC invocations=9 (full 0):
 garbage-first heap   total 63488K, used 29706K [0x00000000c2800000, 0x0000000100000000)
  region size 1024K, 2 young (2048K), 2 survivors (2048K)
 Metaspace       used 33590K, committed 34176K, reserved 1114112K
  class space    used 4234K, committed 4544K, reserved 1048576K
}
Event: 18.795 GC heap before
{Heap before GC invocations=9 (full 0):
 garbage-first heap   total 63488K, used 36874K [0x00000000c2800000, 0x0000000100000000)
  region size 1024K, 10 young (10240K), 2 survivors (2048K)
 Metaspace       used 35284K, committed 35968K, reserved 1114112K
  class space    used 4457K, committed 4800K, reserved 1048576K
}
Event: 18.802 GC heap after
{Heap after GC invocations=10 (full 0):
 garbage-first heap   total 63488K, used 29989K [0x00000000c2800000, 0x0000000100000000)
  region size 1024K, 2 young (2048K), 2 survivors (2048K)
 Metaspace       used 35284K, committed 35968K, reserved 1114112K
  class space    used 4457K, committed 4800K, reserved 1048576K
}

Deoptimization events (20 events):
Event: 19.753 Thread 0x000001f3a71b5670 DEOPT PACKING pc=0x000001f3b673a650 sp=0x000000cd485fc530
Event: 19.753 Thread 0x000001f3a71b5670 DEOPT UNPACKING pc=0x000001f3aeb3239d sp=0x000000cd485fc500 mode 2
Event: 19.753 Thread 0x000001f3a71b5670 Uncommon trap: trap_request=0xffffffde fr.pc=0x000001f3b6735c34 relative=0x0000000000000b34
Event: 19.753 Thread 0x000001f3a71b5670 Uncommon trap: reason=class_check action=maybe_recompile pc=0x000001f3b6735c34 method=org.jetbrains.kotlin.parsing.AbstractKotlinParsing.tt()Lorg/jetbrains/kotlin/com/intellij/psi/tree/IElementType; @ 4 c2
Event: 19.753 Thread 0x000001f3a71b5670 DEOPT PACKING pc=0x000001f3b6735c34 sp=0x000000cd485fc7a0
Event: 19.753 Thread 0x000001f3a71b5670 DEOPT UNPACKING pc=0x000001f3aeb3239d sp=0x000000cd485fc6b0 mode 2
Event: 19.753 Thread 0x000001f3a71b5670 Uncommon trap: trap_request=0xffffffde fr.pc=0x000001f3b6733eb4 relative=0x0000000000000534
Event: 19.753 Thread 0x000001f3a71b5670 Uncommon trap: reason=class_check action=maybe_recompile pc=0x000001f3b6733eb4 method=org.jetbrains.kotlin.parsing.AbstractKotlinParsing.tt()Lorg/jetbrains/kotlin/com/intellij/psi/tree/IElementType; @ 4 c2
Event: 19.753 Thread 0x000001f3a71b5670 DEOPT PACKING pc=0x000001f3b6733eb4 sp=0x000000cd485fc730
Event: 19.753 Thread 0x000001f3a71b5670 DEOPT UNPACKING pc=0x000001f3aeb3239d sp=0x000000cd485fc6a8 mode 2
Event: 19.756 Thread 0x000001f3a71b5670 DEOPT PACKING pc=0x000001f3af7ccf94 sp=0x000000cd485fcb30
Event: 19.756 Thread 0x000001f3a71b5670 DEOPT UNPACKING pc=0x000001f3aeb32b24 sp=0x000000cd485fc050 mode 0
Event: 19.757 Thread 0x000001f3a71b5670 Uncommon trap: trap_request=0xffffff45 fr.pc=0x000001f3b6738bbc relative=0x000000000000019c
Event: 19.757 Thread 0x000001f3a71b5670 Uncommon trap: reason=unstable_if action=reinterpret pc=0x000001f3b6738bbc method=org.jetbrains.kotlin.com.intellij.lang.impl.PsiBuilderImpl.calcTokenType()Lorg/jetbrains/kotlin/com/intellij/psi/tree/IElementType; @ 4 c2
Event: 19.757 Thread 0x000001f3a71b5670 DEOPT PACKING pc=0x000001f3b6738bbc sp=0x000000cd485fbb50
Event: 19.757 Thread 0x000001f3a71b5670 DEOPT UNPACKING pc=0x000001f3aeb3239d sp=0x000000cd485fba98 mode 2
Event: 19.757 Thread 0x000001f3a71b5670 Uncommon trap: trap_request=0xffffff45 fr.pc=0x000001f3b6737c54 relative=0x0000000000000134
Event: 19.757 Thread 0x000001f3a71b5670 Uncommon trap: reason=unstable_if action=reinterpret pc=0x000001f3b6737c54 method=org.jetbrains.kotlin.com.intellij.psi.tree.TokenSet.contains(Lorg/jetbrains/kotlin/com/intellij/psi/tree/IElementType;)Z @ 1 c2
Event: 19.757 Thread 0x000001f3a71b5670 DEOPT PACKING pc=0x000001f3b6737c54 sp=0x000000cd485fbc40
Event: 19.757 Thread 0x000001f3a71b5670 DEOPT UNPACKING pc=0x000001f3aeb3239d sp=0x000000cd485fbbf8 mode 2

Classes loaded (20 events):
Event: 18.169 Loading class java/lang/invoke/BoundMethodHandle$Species_LLLLLLLLLLLLLLLLLLLLLL
Event: 18.169 Loading class java/lang/invoke/BoundMethodHandle$Species_LLLLLLLLLLLLLLLLLLLLLL done
Event: 18.185 Loading class java/lang/invoke/BoundMethodHandle$Species_LLLLLLLLLLLLLLLLLLLLLLL
Event: 18.185 Loading class java/lang/invoke/BoundMethodHandle$Species_LLLLLLLLLLLLLLLLLLLLLLL done
Event: 18.336 Loading class java/lang/invoke/BoundMethodHandle$Species_LLLLLLLLLLLLLLLLLLLLLLLL
Event: 18.336 Loading class java/lang/invoke/BoundMethodHandle$Species_LLLLLLLLLLLLLLLLLLLLLLLL done
Event: 18.340 Loading class java/lang/invoke/BoundMethodHandle$Species_LLLLLLLLLLLLLLLLLLLLLLLLL
Event: 18.340 Loading class java/lang/invoke/BoundMethodHandle$Species_LLLLLLLLLLLLLLLLLLLLLLLLL done
Event: 18.658 Loading class java/util/EmptyStackException
Event: 18.659 Loading class java/util/EmptyStackException done
Event: 18.680 Loading class java/util/BitSet
Event: 18.680 Loading class java/util/BitSet done
Event: 18.684 Loading class java/util/PrimitiveIterator$OfInt
Event: 18.693 Loading class java/util/PrimitiveIterator
Event: 18.696 Loading class java/util/PrimitiveIterator done
Event: 18.697 Loading class java/util/PrimitiveIterator$OfInt done
Event: 18.781 Loading class java/util/function/IntUnaryOperator
Event: 18.782 Loading class java/util/function/IntUnaryOperator done
Event: 20.746 Loading class java/util/ArrayList$ListItr
Event: 20.747 Loading class java/util/ArrayList$ListItr done

Classes unloaded (0 events):
No events

Classes redefined (0 events):
No events

Internal exceptions (20 events):
Event: 18.225 Thread 0x000001f3a71b5670 Exception <a 'java/lang/NoSuchMethodError'{0x00000000c59993c0}: 'java.lang.Object java.lang.invoke.DirectMethodHandle$Holder.newInvokeSpecial(java.lang.Object, java.lang.Object, java.lang.Object, java.lang.Object, java.lang.Object, java.lang.Object, java.lang.Object, java.lang.Object, java.lang.Object, java.lang.Object, java.lang.Object, java.lang.Object, java.lang.Object, java.lang.Object, java.lang.Object, java.lang.Object, java.lang.Object, java.lang.Object, java.lang.Object, java.lang.Object)'> (0x0000
Event: 18.225 Thread 0x000001f3a71b5670 Exception <a 'java/lang/NoSuchMethodError'{0x00000000c599f668}: 'java.lang.Object java.lang.invoke.DirectMethodHandle$Holder.invokeSpecial(java.lang.Object, java.lang.Object, java.lang.Object, java.lang.Object, java.lang.Object, java.lang.Object, java.lang.Object, java.lang.Object, java.lang.Object, java.lang.Object, java.lang.Object, java.lang.Object, java.lang.Object, java.lang.Object, java.lang.Object, java.lang.Object, java.lang.Object, java.lang.Object, java.lang.Object, java.lang.Object, java.lang.Ob
Event: 18.226 Thread 0x000001f3a71b5670 Exception <a 'java/lang/NoSuchMethodError'{0x00000000c59a4870}: 'java.lang.Object java.lang.invoke.DelegatingMethodHandle$Holder.reinvoke_L(java.lang.Object, java.lang.Object, java.lang.Object, java.lang.Object, java.lang.Object, java.lang.Object, java.lang.Object, java.lang.Object, java.lang.Object, java.lang.Object, java.lang.Object, java.lang.Object, java.lang.Object, java.lang.Object, java.lang.Object, java.lang.Object, java.lang.Object, java.lang.Object, java.lang.Object, java.lang.Object)'> (0x000000
Event: 18.290 Thread 0x000001f3a71b5670 Exception <a 'java/lang/NoSuchMethodError'{0x00000000c5777ab0}: 'java.lang.Object java.lang.invoke.DirectMethodHandle$Holder.newInvokeSpecial(java.lang.Object, java.lang.Object, java.lang.Object, java.lang.Object, java.lang.Object, java.lang.Object, java.lang.Object, java.lang.Object, java.lang.Object, java.lang.Object, java.lang.Object, java.lang.Object, java.lang.Object, java.lang.Object, java.lang.Object, java.lang.Object)'> (0x00000000c5777ab0) 
thrown [s\open\src\hotspot\share\interpreter\linkResolver
Event: 18.291 Thread 0x000001f3a71b5670 Exception <a 'java/lang/NoSuchMethodError'{0x00000000c577d438}: 'java.lang.Object java.lang.invoke.DirectMethodHandle$Holder.invokeSpecial(java.lang.Object, java.lang.Object, java.lang.Object, java.lang.Object, java.lang.Object, java.lang.Object, java.lang.Object, java.lang.Object, java.lang.Object, java.lang.Object, java.lang.Object, java.lang.Object, java.lang.Object, java.lang.Object, java.lang.Object, java.lang.Object, java.lang.Object)'> (0x00000000c577d438) 
thrown [s\open\src\hotspot\share\interpret
Event: 18.324 Thread 0x000001f3a71b5670 Exception <a 'java/lang/NoSuchMethodError'{0x00000000c5691568}: 'java.lang.Object java.lang.invoke.DirectMethodHandle$Holder.newInvokeSpecial(java.lang.Object, java.lang.Object, java.lang.Object, java.lang.Object, java.lang.Object, java.lang.Object, java.lang.Object, java.lang.Object, java.lang.Object, java.lang.Object, java.lang.Object, java.lang.Object, java.lang.Object, java.lang.Object, java.lang.Object, java.lang.Object, java.lang.Object, java.lang.Object, java.lang.Object, java.lang.Object, java.lang
Event: 18.324 Thread 0x000001f3a71b5670 Exception <a 'java/lang/NoSuchMethodError'{0x00000000c5698518}: 'java.lang.Object java.lang.invoke.DirectMethodHandle$Holder.invokeSpecial(java.lang.Object, java.lang.Object, java.lang.Object, java.lang.Object, java.lang.Object, java.lang.Object, java.lang.Object, java.lang.Object, java.lang.Object, java.lang.Object, java.lang.Object, java.lang.Object, java.lang.Object, java.lang.Object, java.lang.Object, java.lang.Object, java.lang.Object, java.lang.Object, java.lang.Object, java.lang.Object, java.lang.Ob
Event: 18.325 Thread 0x000001f3a71b5670 Exception <a 'java/lang/NoSuchMethodError'{0x00000000c569de70}: 'java.lang.Object java.lang.invoke.DelegatingMethodHandle$Holder.reinvoke_L(java.lang.Object, java.lang.Object, java.lang.Object, java.lang.Object, java.lang.Object, java.lang.Object, java.lang.Object, java.lang.Object, java.lang.Object, java.lang.Object, java.lang.Object, java.lang.Object, java.lang.Object, java.lang.Object, java.lang.Object, java.lang.Object, java.lang.Object, java.lang.Object, java.lang.Object, java.lang.Object, java.lang.O
Event: 18.338 Thread 0x000001f3a71b5670 Exception <a 'java/lang/NoSuchMethodError'{0x00000000c556f4f0}: 'java.lang.Object java.lang.invoke.DirectMethodHandle$Holder.invokeStatic(java.lang.Object, java.lang.Object, java.lang.Object, java.lang.Object, java.lang.Object, java.lang.Object, java.lang.Object, java.lang.Object, java.lang.Object, java.lang.Object, java.lang.Object, java.lang.Object, java.lang.Object, java.lang.Object, java.lang.Object, java.lang.Object, java.lang.Object, java.lang.Object, java.lang.Object, java.lang.Object, java.lang.Obj
Event: 18.342 Thread 0x000001f3a71b5670 Exception <a 'java/lang/NoSuchMethodError'{0x00000000c55a1d90}: 'java.lang.Object java.lang.invoke.DirectMethodHandle$Holder.invokeStatic(java.lang.Object, java.lang.Object, java.lang.Object, java.lang.Object, java.lang.Object, java.lang.Object, java.lang.Object, java.lang.Object, java.lang.Object, java.lang.Object, java.lang.Object, java.lang.Object, java.lang.Object, java.lang.Object, java.lang.Object, java.lang.Object, java.lang.Object, java.lang.Object, java.lang.Object, java.lang.Object, java.lang.Obj
Event: 18.434 Thread 0x000001f3a71b5670 Exception <a 'java/lang/NoSuchMethodError'{0x00000000c6408cb8}: 'java.lang.Object java.lang.invoke.DirectMethodHandle$Holder.newInvokeSpecial(java.lang.Object, java.lang.Object, java.lang.Object, java.lang.Object, java.lang.Object, java.lang.Object, java.lang.Object, java.lang.Object, java.lang.Object, java.lang.Object, java.lang.Object, java.lang.Object, java.lang.Object, java.lang.Object, java.lang.Object, java.lang.Object, java.lang.Object, java.lang.Object, java.lang.Object)'> (0x00000000c6408cb8) 
thr
Event: 18.435 Thread 0x000001f3a71b5670 Exception <a 'java/lang/NoSuchMethodError'{0x00000000c640ecb8}: 'java.lang.Object java.lang.invoke.DirectMethodHandle$Holder.invokeSpecial(java.lang.Object, java.lang.Object, java.lang.Object, java.lang.Object, java.lang.Object, java.lang.Object, java.lang.Object, java.lang.Object, java.lang.Object, java.lang.Object, java.lang.Object, java.lang.Object, java.lang.Object, java.lang.Object, java.lang.Object, java.lang.Object, java.lang.Object, java.lang.Object, java.lang.Object, java.lang.Object)'> (0x0000000
Event: 18.435 Thread 0x000001f3a71b5670 Exception <a 'java/lang/NoSuchMethodError'{0x00000000c6413cb8}: 'java.lang.Object java.lang.invoke.DelegatingMethodHandle$Holder.reinvoke_L(java.lang.Object, java.lang.Object, java.lang.Object, java.lang.Object, java.lang.Object, java.lang.Object, java.lang.Object, java.lang.Object, java.lang.Object, java.lang.Object, java.lang.Object, java.lang.Object, java.lang.Object, java.lang.Object, java.lang.Object, java.lang.Object, java.lang.Object, java.lang.Object, java.lang.Object)'> (0x00000000c6413cb8) 
throw
Event: 18.497 Thread 0x000001f3a71b5670 Exception <a 'java/lang/NoSuchMethodError'{0x00000000c63bd340}: 'java.lang.Object java.lang.invoke.DirectMethodHandle$Holder.newInvokeSpecial(java.lang.Object, java.lang.Object, java.lang.Object, java.lang.Object, java.lang.Object, java.lang.Object, java.lang.Object, java.lang.Object, java.lang.Object, java.lang.Object, java.lang.Object, java.lang.Object, java.lang.Object)'> (0x00000000c63bd340) 
thrown [s\open\src\hotspot\share\interpreter\linkResolver.cpp, line 759]
Event: 18.497 Thread 0x000001f3a71b5670 Exception <a 'java/lang/NoSuchMethodError'{0x00000000c63c24b0}: 'java.lang.Object java.lang.invoke.DirectMethodHandle$Holder.invokeSpecial(java.lang.Object, java.lang.Object, java.lang.Object, java.lang.Object, java.lang.Object, java.lang.Object, java.lang.Object, java.lang.Object, java.lang.Object, java.lang.Object, java.lang.Object, java.lang.Object, java.lang.Object, java.lang.Object)'> (0x00000000c63c24b0) 
thrown [s\open\src\hotspot\share\interpreter\linkResolver.cpp, line 759]
Event: 18.783 Thread 0x000001f3a71b5670 Exception <a 'java/lang/NoSuchMethodError'{0x00000000c5e1a038}: 'java.lang.Object java.lang.invoke.DirectMethodHandle$Holder.newInvokeSpecial(java.lang.Object, java.lang.Object, int)'> (0x00000000c5e1a038) 
thrown [s\open\src\hotspot\share\interpreter\linkResolver.cpp, line 759]
Event: 19.757 Thread 0x000001f3a71b5670 Implicit null exception at 0x000001f3b6737b4c to 0x000001f3b6737c40
Event: 20.860 Thread 0x000001f3a71b5670 Exception <a 'java/lang/NoSuchMethodError'{0x00000000c5b1e0e0}: 'java.lang.Object java.lang.invoke.DirectMethodHandle$Holder.newInvokeSpecial(java.lang.Object, java.lang.Object, java.lang.Object, int)'> (0x00000000c5b1e0e0) 
thrown [s\open\src\hotspot\share\interpreter\linkResolver.cpp, line 759]
Event: 20.861 Thread 0x000001f3a71b5670 Exception <a 'java/lang/NoSuchMethodError'{0x00000000c5b22498}: 'java.lang.Object java.lang.invoke.DirectMethodHandle$Holder.invokeSpecial(java.lang.Object, java.lang.Object, java.lang.Object, java.lang.Object, int)'> (0x00000000c5b22498) 
thrown [s\open\src\hotspot\share\interpreter\linkResolver.cpp, line 759]
Event: 20.861 Thread 0x000001f3a71b5670 Exception <a 'java/lang/NoSuchMethodError'{0x00000000c5b25e48}: 'java.lang.Object java.lang.invoke.Invokers$Holder.linkToTargetMethod(java.lang.Object, java.lang.Object, int, java.lang.Object)'> (0x00000000c5b25e48) 
thrown [s\open\src\hotspot\share\interpreter\linkResolver.cpp, line 759]

VM Operations (20 events):
Event: 18.366 Executing VM operation: G1CollectForAllocation
Event: 18.376 Executing VM operation: G1CollectForAllocation done
Event: 18.795 Executing VM operation: CollectForMetadataAllocation
Event: 18.802 Executing VM operation: CollectForMetadataAllocation done
Event: 18.864 Executing VM operation: G1Concurrent
Event: 18.869 Executing VM operation: G1Concurrent done
Event: 18.898 Executing VM operation: G1Concurrent
Event: 18.898 Executing VM operation: G1Concurrent done
Event: 19.446 Executing VM operation: HandshakeAllThreads
Event: 19.446 Executing VM operation: HandshakeAllThreads done
Event: 19.751 Executing VM operation: HandshakeAllThreads
Event: 19.752 Executing VM operation: HandshakeAllThreads done
Event: 19.757 Executing VM operation: ICBufferFull
Event: 19.757 Executing VM operation: ICBufferFull done
Event: 20.748 Executing VM operation: HandshakeAllThreads
Event: 20.748 Executing VM operation: HandshakeAllThreads done
Event: 20.853 Executing VM operation: HandshakeAllThreads
Event: 20.853 Executing VM operation: HandshakeAllThreads done
Event: 20.853 Executing VM operation: Cleanup
Event: 20.853 Executing VM operation: Cleanup done

Events (19 events):
Event: 0.034 Loaded shared library C:\Program Files\Java\jdk-18.0.2.1\bin\java.dll
Event: 0.058 Loaded shared library C:\Program Files\Java\jdk-18.0.2.1\bin\jsvml.dll
Event: 0.059 Thread 0x000001f3a71b5670 Thread added: 0x000001f3a71b5670
Event: 0.067 Thread 0x000001f3a72546e0 Thread added: 0x000001f3a72546e0
Event: 0.068 Thread 0x000001f3a7255080 Thread added: 0x000001f3a7255080
Event: 0.113 Thread 0x000001f3a726a6c0 Thread added: 0x000001f3a726a6c0
Event: 0.113 Thread 0x000001f3a726d070 Thread added: 0x000001f3a726d070
Event: 0.113 Thread 0x000001f3a726da10 Thread added: 0x000001f3a726da10
Event: 0.113 Thread 0x000001f3a726e3b0 Thread added: 0x000001f3a726e3b0
Event: 0.114 Thread 0x000001f3c23bef60 Thread added: 0x000001f3c23bef60
Event: 0.121 Thread 0x000001f3c23bf850 Thread added: 0x000001f3c23bf850
Event: 0.135 Thread 0x000001f3c2436050 Thread added: 0x000001f3c2436050
Event: 0.325 Thread 0x000001f3c6853590 Thread added: 0x000001f3c6853590
Event: 0.337 Thread 0x000001f3c68582a0 Thread added: 0x000001f3c68582a0
Event: 0.357 Loaded shared library C:\Program Files\Java\jdk-18.0.2.1\bin\net.dll
Event: 0.361 Loaded shared library C:\Program Files\Java\jdk-18.0.2.1\bin\nio.dll
Event: 0.657 Loaded shared library C:\Program Files\Java\jdk-18.0.2.1\bin\zip.dll
Event: 1.979 Loaded shared library C:\Program Files\Java\jdk-18.0.2.1\bin\jimage.dll
Event: 6.364 Loaded shared library C:\Program Files\Java\jdk-18.0.2.1\bin\verify.dll


Dynamic libraries:
0x00007ff76d670000 - 0x00007ff76d680000 	C:\Program Files\Java\jdk-18.0.2.1\bin\java.exe
0x00007ffc32c10000 - 0x00007ffc32e24000 	C:\WINDOWS\SYSTEM32\ntdll.dll
0x00007ffc320e0000 - 0x00007ffc321a2000 	C:\WINDOWS\System32\KERNEL32.DLL
0x00007ffc30660000 - 0x00007ffc30a03000 	C:\WINDOWS\System32\KERNELBASE.dll
0x00007ffc30210000 - 0x00007ffc30321000 	C:\WINDOWS\System32\ucrtbase.dll
0x00007ffc140d0000 - 0x00007ffc140e8000 	C:\Program Files\Java\jdk-18.0.2.1\bin\jli.dll
0x00007ffc31370000 - 0x00007ffc3141e000 	C:\WINDOWS\System32\ADVAPI32.dll
0x00007ffc32320000 - 0x00007ffc323c7000 	C:\WINDOWS\System32\msvcrt.dll
0x00007ffc31590000 - 0x00007ffc31634000 	C:\WINDOWS\System32\sechost.dll
0x00007ffc31640000 - 0x00007ffc31757000 	C:\WINDOWS\System32\RPCRT4.dll
0x00007ffc140f0000 - 0x00007ffc1410a000 	C:\Program Files\Java\jdk-18.0.2.1\bin\VCRUNTIME140.dll
0x00007ffc319b0000 - 0x00007ffc31b5b000 	C:\WINDOWS\System32\USER32.dll
0x00007ffc300a0000 - 0x00007ffc300c6000 	C:\WINDOWS\System32\win32u.dll
0x00007ffc312a0000 - 0x00007ffc312c9000 	C:\WINDOWS\System32\GDI32.dll
0x00007ffc30540000 - 0x00007ffc30658000 	C:\WINDOWS\System32\gdi32full.dll
0x00007ffc30330000 - 0x00007ffc303ca000 	C:\WINDOWS\System32\msvcp_win.dll
0x00007ffc143d0000 - 0x00007ffc1465e000 	C:\WINDOWS\WinSxS\amd64_microsoft.windows.common-controls_6595b64144ccf1df_6.0.22621.1635_none_270f70857386168e\COMCTL32.dll
0x00007ffc26790000 - 0x00007ffc2679a000 	C:\WINDOWS\SYSTEM32\VERSION.dll
0x00007ffc31f10000 - 0x00007ffc31f41000 	C:\WINDOWS\System32\IMM32.DLL
0x00007ffc1ff60000 - 0x00007ffc1ff6c000 	C:\Program Files\Java\jdk-18.0.2.1\bin\vcruntime140_1.dll
0x00007ffc14000000 - 0x00007ffc1408d000 	C:\Program Files\Java\jdk-18.0.2.1\bin\msvcp140.dll
0x00007ffbd05a0000 - 0x00007ffbd11b1000 	C:\Program Files\Java\jdk-18.0.2.1\bin\server\jvm.dll
0x00007ffc314a0000 - 0x00007ffc314a8000 	C:\WINDOWS\System32\PSAPI.DLL
0x00007ffc136f0000 - 0x00007ffc136f9000 	C:\WINDOWS\SYSTEM32\WSOCK32.dll
0x00007ffc312f0000 - 0x00007ffc31361000 	C:\WINDOWS\System32\WS2_32.dll
0x00007ffc27a90000 - 0x00007ffc27ac4000 	C:\WINDOWS\SYSTEM32\WINMM.dll
0x00007ffc2f040000 - 0x00007ffc2f058000 	C:\WINDOWS\SYSTEM32\kernel.appcore.dll
0x00007ffc1f8f0000 - 0x00007ffc1f8fa000 	C:\Program Files\Java\jdk-18.0.2.1\bin\jimage.dll
0x00007ffc2d9c0000 - 0x00007ffc2dbee000 	C:\WINDOWS\SYSTEM32\DBGHELP.DLL
0x00007ffc31b80000 - 0x00007ffc31f09000 	C:\WINDOWS\System32\combase.dll
0x00007ffc314b0000 - 0x00007ffc31587000 	C:\WINDOWS\System32\OLEAUT32.dll
0x00007ffc136b0000 - 0x00007ffc136e2000 	C:\WINDOWS\SYSTEM32\dbgcore.DLL
0x00007ffc30190000 - 0x00007ffc3020b000 	C:\WINDOWS\System32\bcryptPrimitives.dll
0x00007ffbfc750000 - 0x00007ffbfc775000 	C:\Program Files\Java\jdk-18.0.2.1\bin\java.dll
0x00007ffbf2130000 - 0x00007ffbf2206000 	C:\Program Files\Java\jdk-18.0.2.1\bin\jsvml.dll
0x00007ffc323d0000 - 0x00007ffc32bca000 	C:\WINDOWS\System32\SHELL32.dll
0x00007ffc2dfe0000 - 0x00007ffc2e8ae000 	C:\WINDOWS\SYSTEM32\windows.storage.dll
0x00007ffc2dea0000 - 0x00007ffc2dfde000 	C:\WINDOWS\SYSTEM32\wintypes.dll
0x00007ffc321b0000 - 0x00007ffc322a1000 	C:\WINDOWS\System32\SHCORE.dll
0x00007ffc322c0000 - 0x00007ffc3231e000 	C:\WINDOWS\System32\shlwapi.dll
0x00007ffc2ff60000 - 0x00007ffc2ff81000 	C:\WINDOWS\SYSTEM32\profapi.dll
0x00007ffc140b0000 - 0x00007ffc140c3000 	C:\Program Files\Java\jdk-18.0.2.1\bin\net.dll
0x00007ffc270a0000 - 0x00007ffc271d7000 	C:\WINDOWS\SYSTEM32\WINHTTP.dll
0x00007ffc2f4b0000 - 0x00007ffc2f519000 	C:\WINDOWS\system32\mswsock.dll
0x00007ffc11b40000 - 0x00007ffc11b56000 	C:\Program Files\Java\jdk-18.0.2.1\bin\nio.dll
0x00007ffc08060000 - 0x00007ffc08078000 	C:\Program Files\Java\jdk-18.0.2.1\bin\zip.dll
0x00007ffc1eb00000 - 0x00007ffc1eb10000 	C:\Program Files\Java\jdk-18.0.2.1\bin\verify.dll

dbghelp: loaded successfully - version: 4.0.5 - missing functions: none
symbol engine: initialized successfully - sym options: 0x614 - pdb path: .;C:\Program Files\Java\jdk-18.0.2.1\bin;C:\WINDOWS\SYSTEM32;C:\WINDOWS\WinSxS\amd64_microsoft.windows.common-controls_6595b64144ccf1df_6.0.22621.1635_none_270f70857386168e;C:\Program Files\Java\jdk-18.0.2.1\bin\server

VM Arguments:
java_command: org.jetbrains.kotlin.cli.jvm.K2JVMCompiler @C:\Users\Lenovo\Desktop\arta_app\node_modules\react-native-gesture-handler\android\build\20230523_4932656995012397385.compiler.options
java_class_path (initial): C:\Users\Lenovo\.gradle\caches\modules-2\files-2.1\org.jetbrains.kotlin\kotlin-compiler-embeddable\1.6.21\97bdd5a752ce73b58ef16c17bc7f0ea2faff7a2e\kotlin-compiler-embeddable-1.6.21.jar;C:\Users\Lenovo\.gradle\caches\modules-2\files-2.1\org.jetbrains.kotlin\kotlin-reflect\1.6.21\5dc3574d9b7bebfcb4ec6b10ada4aaa9e140bd0b\kotlin-reflect-1.6.21.jar;C:\Users\Lenovo\.gradle\caches\modules-2\files-2.1\org.jetbrains.kotlin\kotlin-stdlib\1.6.21\11ef67f1900634fd951bad28c53ec957fabbe5b8\kotlin-stdlib-1.6.21.jar;C:\Users\Lenovo\.gradle\caches\modules-2\files-2.1\org.jetbrains.kotlin\kotlin-script-runtime\1.6.21\99c6675100da5d6d5b1c5a1032f27f28008d101b\kotlin-script-runtime-1.6.21.jar;C:\Users\Lenovo\.gradle\caches\modules-2\files-2.1\org.jetbrains.kotlin\kotlin-daemon-embeddable\1.6.21\46b78cf392e1c4f10854c3cadba44abb7b82250f\kotlin-daemon-embeddable-1.6.21.jar;C:\Users\Lenovo\.gradle\caches\modules-2\files-2.1\org.jetbrains.intellij.deps\trove4j\1.0.20200330\3afb14d5f9ceb459d724e907a21145e8ff394f02\trove4j-1.0.20200330.jar;C:\Users\Lenovo\.gradle\caches\modules-2\files-2.1\net.java.dev.jna\jna\5.6.0\330f2244e9030119ab3030fc3fededc86713d9cc\jna-5.6.0.jar;C:\Users\Lenovo\.gradle\caches\modules-2\files-2.1\org.jetbrains.kotlin\kotlin-stdlib-common\1.6.21\5e5b55c26dbc80372a920aef60eb774b714559b8\kotlin-stdlib-common-1.6.21.jar;C:\Users\Lenovo\.gradle\caches\modules-2\files-2.1\org.jetbrains\annotations\13.0\919f0dfe192fb4e063e7dacadee7f8bb9a2672a9\annotations-13.0.jar
Launcher Type: SUN_STANDARD

[Global flags]
     intx CICompilerCount                          = 3                                         {product} {ergonomic}
     uint ConcGCThreads                            = 1                                         {product} {ergonomic}
     uint G1ConcRefinementThreads                  = 4                                         {product} {ergonomic}
   size_t G1HeapRegionSize                         = 1048576                                   {product} {ergonomic}
    uintx GCDrainStackTargetSize                   = 64                                        {product} {ergonomic}
   size_t InitialHeapSize                          = 65011712                                  {product} {ergonomic}
   size_t MarkStackSize                            = 4194304                                   {product} {ergonomic}
   size_t MaxHeapSize                              = 1031798784                                {product} {ergonomic}
   size_t MaxNewSize                               = 618659840                                 {product} {ergonomic}
   size_t MinHeapDeltaBytes                        = 1048576                                   {product} {ergonomic}
   size_t MinHeapSize                              = 8388608                                   {product} {ergonomic}
    uintx NonNMethodCodeHeapSize                   = 5832780                                {pd product} {ergonomic}
    uintx NonProfiledCodeHeapSize                  = 122912730                              {pd product} {ergonomic}
    uintx ProfiledCodeHeapSize                     = 122912730                              {pd product} {ergonomic}
    uintx ReservedCodeCacheSize                    = 251658240                              {pd product} {ergonomic}
     bool SegmentedCodeCache                       = true                                      {product} {ergonomic}
   size_t SoftMaxHeapSize                          = 1031798784                             {manageable} {ergonomic}
     bool UseCompressedClassPointers               = true                           {product lp64_product} {ergonomic}
     bool UseCompressedOops                        = true                           {product lp64_product} {ergonomic}
     bool UseG1GC                                  = true                                      {product} {ergonomic}
     bool UseLargePagesIndividualAllocation        = false                                  {pd product} {ergonomic}

Logging:
Log output configuration:
 #0: stdout all=warning uptime,level,tags foldmultilines=false
 #1: stderr all=off uptime,level,tags foldmultilines=false

Environment Variables:
CLASSPATH=C:\Users\Lenovo\Desktop\arta_app\android\\gradle\wrapper\gradle-wrapper.jar
PATH=C:\Users\Lenovo\Desktop\arta_app\node_modules\.bin;C:\Users\Lenovo\Desktop\arta_app\node_modules\.bin;C:\Users\Lenovo\Desktop\node_modules\.bin;C:\Users\Lenovo\node_modules\.bin;C:\Users\node_modules\.bin;C:\node_modules\.bin;C:\Users\Lenovo\AppData\Roaming\npm\node_modules\npm\node_modules\@npmcli\run-script\lib\node-gyp-bin;C:\Program Files\Common Files\Oracle\Java\javapath;"C: \ Windows \ System32;";C:\ProgramData\Oracle\Java\javapath;C:\WINDOWS\system32;C:\WINDOWS;C:\WINDOWS\System32\Wbem;C:\WINDOWS\System32\WindowsPowerShell\v1.0\;C:\WINDOWS\System32\OpenSSH\;C:\Users\Lenovo\AppData\Roaming\Python\Python39\Scripts;C:\Program Files\Git\cmd;C:\ProgramData\ComposerSetup\bin;C:\ProgramData\chocolatey\bin;C:\php-8.1.5;C:\Users\Lenovo\AppData\Local\Android\Sdk\platform-tools;C:\Program Files\nodejs\;C:\laragon\bin\php\php-8.1.12-nts-Win32-vs16-x64;C:\laragon\bin;C:\laragon\bin\apache\httpd-2.4.47-win64-VS16\bin;C:\laragon\bin\composer;C:\laragon\bin\git\bin;C:\laragon\bin\git\cmd;C:\laragon\bin\git\mingw64\bin;C:\laragon\bin\git\usr\bin;C:\laragon\bin\laragon\utils;C:\laragon\bin\mysql\mysql-5.7.33-winx64\bin;C:\laragon\bin\nginx\nginx-1.19.10;C:\laragon\bin\ngrok;C:\laragon\bin\nodejs\node-v14;C:\laragon\bin\notepad++;C:\laragon\bin\redis\redis-x64-3.2.100;C:\laragon\bin\telnet;C:\laragon\usr\bin;C:\Users\Lenovo\AppData\Local\Yarn\config\global\node_modules\.bin;C:\Users\Lenovo\AppData\Roaming\Composer\vendor\bin;C:\Users\Lenovo\AppData\Roaming\npm;C:\Users\Lenovo\AppData\Local\Microsoft\WindowsApps;C:\Users\Lenovo\AppData\Local\GitHubDesktop\bin;C:\Users\Lenovo\AppData\Local\Programs\Microsoft VS Code\bin;C:\xampp\php;C:\src\flutter\bin;C:\Users\Lenovo\AppData\Local\Microsoft\WindowsApps;C:\Program Files (x86)\Pari64-2-15-1;C:\Program Files (x86)\Nmap
USERNAME=hanizar
LANG=en_US.UTF-8
OS=Windows_NT
PROCESSOR_IDENTIFIER=Intel64 Family 6 Model 142 Stepping 12, GenuineIntel



---------------  S Y S T E M  ---------------

OS:
 Windows 11 , 64 bit Build 22621 (10.0.22621.1635)
OS uptime: 2 days 7:17 hours
Hyper-V role detected

CPU: total 4 (initial active 4) (2 cores per cpu, 2 threads per core) family 6 model 142 stepping 12 microcode 0xec, cx8, cmov, fxsr, ht, mmx, 3dnowpref, sse, sse2, sse3, ssse3, sse4.1, sse4.2, popcnt, lzcnt, tsc, tscinvbit, aes, erms, clmul, clflush, clflushopt, hv

Memory: 4k page, system-wide physical 3930M (135M free)
TotalPageFile size 16218M (AvailPageFile size 6M)
current process WorkingSet (physical memory assigned to process): 163M, peak: 183M
current process commit charge ("private bytes"): 215M, peak: 223M

vm_info: Java HotSpot(TM) 64-Bit Server VM (18.0.2.1+1-1) for windows-amd64 JRE (18.0.2.1+1-1), built on Aug 16 2022 01:46:33 by "mach5one" with MS VC++ 16.8 / 16.9 (VS2019)

END.
