#
# There is insufficient memory for the Java Runtime Environment to continue.
# Native memory allocation (mmap) failed to map 56623104 bytes for G1 virtual space
# Possible reasons:
#   The system is out of physical RAM or swap space
#   The process is running with CompressedOops enabled, and the Java Heap may be blocking the growth of the native heap
# Possible solutions:
#   Reduce memory load on the system
#   Increase physical memory or swap space
#   Check if swap backing store is full
#   Decrease Java heap size (-Xmx/-Xms)
#   Decrease number of Java threads
#   Decrease Java thread stack sizes (-Xss)
#   Set larger code cache with -XX:ReservedCodeCacheSize=
#   JVM is running with Unscaled Compressed Oops mode in which the Java heap is
#     placed in the first 4GB address space. The Java Heap base address is the
#     maximum limit for the native heap growth. Please use -XX:HeapBaseMinAddress
#     to set the Java Heap base and to place the Java Heap above 4GB virtual address.
# This output file may be truncated or incomplete.
#
#  Out of Memory Error (os_windows.cpp:3530), pid=6420, tid=4924
#
# JRE version: Java(TM) SE Runtime Environment (18.0.2.1+1) (build 18.0.2.1+1-1)
# Java VM: Java HotSpot(TM) 64-Bit Server VM (18.0.2.1+1-1, mixed mode, sharing, tiered, compressed oops, compressed class ptrs, g1 gc, windows-amd64)
# No core dump will be written. Minidumps are not enabled by default on client versions of Windows
#

---------------  S U M M A R Y ------------

Command Line: org.jetbrains.kotlin.cli.jvm.K2JVMCompiler @C:\Users\Lenovo\Desktop\arta_app\node_modules\expo-modules-core\android\build\20230523_18085497336439274580.compiler.options

Host: Intel(R) Pentium(R) CPU 6405U @ 2.40GHz, 4 cores, 3G,  Windows 11 , 64 bit Build 22621 (10.0.22621.1635)
Time: Tue May 23 16:46:17 2023 SE Asia Standard Time elapsed time: 51.117144 seconds (0d 0h 0m 51s)

---------------  T H R E A D  ---------------

Current thread (0x000002d1a59a0400):  VMThread "VM Thread" [stack: 0x000000e236400000,0x000000e236500000] [id=4924]

Stack: [0x000000e236400000,0x000000e236500000]
Native frames: (J=compiled Java code, j=interpreted, Vv=VM code, C=native code)
V  [jvm.dll+0x6993aa]
V  [jvm.dll+0x7f46dd]
V  [jvm.dll+0x7f5fee]
V  [jvm.dll+0x7f66a3]
V  [jvm.dll+0x25cf1f]
V  [jvm.dll+0x6962f9]
V  [jvm.dll+0x68ae2a]
V  [jvm.dll+0x32255b]
V  [jvm.dll+0x329f36]
V  [jvm.dll+0x37eade]
V  [jvm.dll+0x37ed0f]
V  [jvm.dll+0x2fa2da]
V  [jvm.dll+0x2fd0d6]
V  [jvm.dll+0x307545]
V  [jvm.dll+0x33c650]
V  [jvm.dll+0x7fb48b]
V  [jvm.dll+0x7fc224]
V  [jvm.dll+0x7fc75c]
V  [jvm.dll+0x7fcbb4]
V  [jvm.dll+0x7fcc77]
V  [jvm.dll+0x7a120a]
V  [jvm.dll+0x698255]
C  [ucrtbase.dll+0x29363]
C  [KERNEL32.DLL+0x126ad]
C  [ntdll.dll+0x5a9f8]

VM_Operation (0x000000e2360ff7c0): G1Concurrent, mode: safepoint, requested by thread 0x000002d1a594ef80


---------------  P R O C E S S  ---------------

Threads class SMR info:
_java_thread_list=0x000002d1c5cac110, length=12, elements={
0x000002d1a5905670, 0x000002d1a59a4410, 0x000002d1a59a4db0, 0x000002d1a59ba4b0,
0x000002d1a59bcd70, 0x000002d1a59bd710, 0x000002d1a59be850, 0x000002d1c0b2b7b0,
0x000002d1c0b22790, 0x000002d1c0b22c90, 0x000002d1c4d587b0, 0x000002d1c4d5c8d0
}

Java Threads: ( => current thread )
  0x000002d1a5905670 JavaThread "main" [_thread_blocked, id=17768, stack(0x000000e235e00000,0x000000e235f00000)]
  0x000002d1a59a4410 JavaThread "Reference Handler" daemon [_thread_blocked, id=16624, stack(0x000000e236500000,0x000000e236600000)]
  0x000002d1a59a4db0 JavaThread "Finalizer" daemon [_thread_blocked, id=11124, stack(0x000000e236600000,0x000000e236700000)]
  0x000002d1a59ba4b0 JavaThread "Signal Dispatcher" daemon [_thread_blocked, id=12728, stack(0x000000e236700000,0x000000e236800000)]
  0x000002d1a59bcd70 JavaThread "Attach Listener" daemon [_thread_blocked, id=18276, stack(0x000000e236800000,0x000000e236900000)]
  0x000002d1a59bd710 JavaThread "Service Thread" daemon [_thread_blocked, id=11684, stack(0x000000e236900000,0x000000e236a00000)]
  0x000002d1a59be850 JavaThread "Monitor Deflation Thread" daemon [_thread_blocked, id=3444, stack(0x000000e236a00000,0x000000e236b00000)]
  0x000002d1c0b2b7b0 JavaThread "C2 CompilerThread0" daemon [_thread_blocked, id=4048, stack(0x000000e236b00000,0x000000e236c00000)]
  0x000002d1c0b22790 JavaThread "C1 CompilerThread0" daemon [_thread_blocked, id=1676, stack(0x000000e236c00000,0x000000e236d00000)]
  0x000002d1c0b22c90 JavaThread "Sweeper thread" daemon [_thread_blocked, id=17668, stack(0x000000e236d00000,0x000000e236e00000)]
  0x000002d1c4d587b0 JavaThread "Notification Thread" daemon [_thread_blocked, id=11776, stack(0x000000e236e00000,0x000000e236f00000)]
  0x000002d1c4d5c8d0 JavaThread "Common-Cleaner" daemon [_thread_blocked, id=9120, stack(0x000000e237000000,0x000000e237100000)]

Other Threads:
=>0x000002d1a59a0400 VMThread "VM Thread" [stack: 0x000000e236400000,0x000000e236500000] [id=4924]
  0x000002d1c4d5c4b0 WatcherThread "VM Periodic Task Thread" [stack: 0x000000e236f00000,0x000000e237000000] [id=12388]
  0x000002d1a5946550 WorkerThread "GC Thread#0" [stack: 0x000000e235f00000,0x000000e236000000] [id=1032]
  0x000002d1c5130060 WorkerThread "GC Thread#1" [stack: 0x000000e237100000,0x000000e237200000] [id=9696]
  0x000002d1c50b8480 WorkerThread "GC Thread#2" [stack: 0x000000e237200000,0x000000e237300000] [id=15912]
  0x000002d1c50b8720 WorkerThread "GC Thread#3" [stack: 0x000000e237300000,0x000000e237400000] [id=8208]
  0x000002d1a594ef80 ConcurrentGCThread "G1 Main Marker" [stack: 0x000000e236000000,0x000000e236100000] [id=7460]
  0x000002d1a594f970 WorkerThread "G1 Conc#0" [stack: 0x000000e236100000,0x000000e236200000] [id=18424]
  0x000002d1a5976b50 ConcurrentGCThread "G1 Refine#0" [stack: 0x000000e236200000,0x000000e236300000] [id=2208]
  0x000002d1c7172330 ConcurrentGCThread "G1 Refine#1" [stack: 0x000000e237400000,0x000000e237500000] [id=17384]
  0x000002d1c7173c80 ConcurrentGCThread "G1 Refine#2" [stack: 0x000000e237500000,0x000000e237600000] [id=2032]
  0x000002d1a5978470 ConcurrentGCThread "G1 Service" [stack: 0x000000e236300000,0x000000e236400000] [id=13868]

Threads with active compile tasks:
C2 CompilerThread0    51160 13417       4       org.jetbrains.kotlin.resolve.calls.inference.components.VariableFixationFinder$hasDependencyToOtherTypeVariables$dependencyPresenceCondition$1::invoke (9 bytes)

VM state: at safepoint (normal execution)

VM Mutex/Monitor currently owned by a thread:  ([mutex/lock_event])
[0x000002d1a5900fb0] Threads_lock - owner thread: 0x000002d1a59a0400
[0x000002d1a5902090] Heap_lock - owner thread: 0x000002d1a594ef80

Heap address: 0x00000000c2800000, size: 984 MB, Compressed Oops mode: 32-bit

CDS archive(s) mapped at: [0x0000000800000000-0x0000000800ba0000-0x0000000800ba0000), size 12189696, SharedBaseAddress: 0x0000000800000000, ArchiveRelocationMode: 0.
Compressed class space mapped at: 0x0000000800c00000-0x0000000840c00000, reserved size: 1073741824
Narrow klass base: 0x0000000800000000, Narrow klass shift: 0, Narrow klass range: 0x100000000

GC Precious Log:
 CardTable entry size: 512
 Card Set container configuration: InlinePtr #cards 5 size 8 Array Of Cards #cards 12 size 40 Howl #buckets 4 coarsen threshold 1843 Howl Bitmap #cards 512 size 80 coarsen threshold 460 Card regions per heap region 1 cards per card region 2048
 CPUs: 4 total, 4 available
 Memory: 3930M
 Large Page Support: Disabled
 NUMA Support: Disabled
 Compressed Oops: Enabled (32-bit)
 Heap Region Size: 1M
 Heap Min Capacity: 8M
 Heap Initial Capacity: 62M
 Heap Max Capacity: 984M
 Pre-touch: Disabled
 Parallel Workers: 4
 Concurrent Workers: 1
 Concurrent Refinement Workers: 4
 Periodic GC: Disabled

Heap:
 garbage-first heap   total 168960K, used 132520K [0x00000000c2800000, 0x0000000100000000)
  region size 1024K, 49 young (50176K), 1 survivors (1024K)
 Metaspace       used 62084K, committed 62912K, reserved 1114112K
  class space    used 7000K, committed 7424K, reserved 1048576K

Heap Regions: E=young(eden), S=young(survivor), O=old, HS=humongous(starts), HC=humongous(continues), CS=collection set, F=free, OA=open archive, CA=closed archive, TAMS=top-at-mark-start (previous, next)
|   0|0x00000000c2800000, 0x00000000c2900000, 0x00000000c2900000|100%|HS|  |TAMS 0x00000000c2900000, 0x00000000c2800000| Complete 
|   1|0x00000000c2900000, 0x00000000c2a00000, 0x00000000c2a00000|100%|HC|  |TAMS 0x00000000c2a00000, 0x00000000c2900000| Complete 
|   2|0x00000000c2a00000, 0x00000000c2b00000, 0x00000000c2b00000|100%|HC|  |TAMS 0x00000000c2b00000, 0x00000000c2a00000| Complete 
|   3|0x00000000c2b00000, 0x00000000c2c00000, 0x00000000c2c00000|100%|HC|  |TAMS 0x00000000c2c00000, 0x00000000c2b00000| Complete 
|   4|0x00000000c2c00000, 0x00000000c2d00000, 0x00000000c2d00000|100%| O|  |TAMS 0x00000000c2d00000, 0x00000000c2c00000| Untracked 
|   5|0x00000000c2d00000, 0x00000000c2e00000, 0x00000000c2e00000|100%| O|  |TAMS 0x00000000c2e00000, 0x00000000c2d00000| Untracked 
|   6|0x00000000c2e00000, 0x00000000c2f00000, 0x00000000c2f00000|100%| O|  |TAMS 0x00000000c2f00000, 0x00000000c2e00000| Untracked 
|   7|0x00000000c2f00000, 0x00000000c3000000, 0x00000000c3000000|100%|HS|  |TAMS 0x00000000c3000000, 0x00000000c2f00000| Complete 
|   8|0x00000000c3000000, 0x00000000c3100000, 0x00000000c3100000|100%|HC|  |TAMS 0x00000000c3100000, 0x00000000c3000000| Complete 
|   9|0x00000000c3100000, 0x00000000c3200000, 0x00000000c3200000|100%|HC|  |TAMS 0x00000000c3200000, 0x00000000c3100000| Complete 
|  10|0x00000000c3200000, 0x00000000c3300000, 0x00000000c3300000|100%|HC|  |TAMS 0x00000000c3300000, 0x00000000c3200000| Complete 
|  11|0x00000000c3300000, 0x00000000c3400000, 0x00000000c3400000|100%| O|  |TAMS 0x00000000c3400000, 0x00000000c3300000| Untracked 
|  12|0x00000000c3400000, 0x00000000c3500000, 0x00000000c3500000|100%| O|  |TAMS 0x00000000c3500000, 0x00000000c3400000| Untracked 
|  13|0x00000000c3500000, 0x00000000c3600000, 0x00000000c3600000|100%| O|  |TAMS 0x00000000c3600000, 0x00000000c3500000| Untracked 
|  14|0x00000000c3600000, 0x00000000c3700000, 0x00000000c3700000|100%| O|  |TAMS 0x00000000c3700000, 0x00000000c3600000| Untracked 
|  15|0x00000000c3700000, 0x00000000c3800000, 0x00000000c3800000|100%| O|  |TAMS 0x00000000c3800000, 0x00000000c3700000| Untracked 
|  16|0x00000000c3800000, 0x00000000c3900000, 0x00000000c3900000|100%| O|  |TAMS 0x00000000c3900000, 0x00000000c3800000| Untracked 
|  17|0x00000000c3900000, 0x00000000c3a00000, 0x00000000c3a00000|100%| O|  |TAMS 0x00000000c3a00000, 0x00000000c3900000| Untracked 
|  18|0x00000000c3a00000, 0x00000000c3b00000, 0x00000000c3b00000|100%| O|  |TAMS 0x00000000c3b00000, 0x00000000c3a00000| Untracked 
|  19|0x00000000c3b00000, 0x00000000c3c00000, 0x00000000c3c00000|100%| O|  |TAMS 0x00000000c3c00000, 0x00000000c3b00000| Updating 
|  20|0x00000000c3c00000, 0x00000000c3d00000, 0x00000000c3d00000|100%| O|  |TAMS 0x00000000c3d00000, 0x00000000c3c00000| Updating 
|  21|0x00000000c3d00000, 0x00000000c3e00000, 0x00000000c3e00000|100%| O|  |TAMS 0x00000000c3e00000, 0x00000000c3d00000| Untracked 
|  22|0x00000000c3e00000, 0x00000000c3f00000, 0x00000000c3f00000|100%| O|  |TAMS 0x00000000c3f00000, 0x00000000c3e00000| Untracked 
|  23|0x00000000c3f00000, 0x00000000c4000000, 0x00000000c4000000|100%| O|  |TAMS 0x00000000c4000000, 0x00000000c3f00000| Untracked 
|  24|0x00000000c4000000, 0x00000000c4100000, 0x00000000c4100000|100%| O|  |TAMS 0x00000000c4100000, 0x00000000c4000000| Updating 
|  25|0x00000000c4100000, 0x00000000c4200000, 0x00000000c4200000|100%| O|  |TAMS 0x00000000c4200000, 0x00000000c4100000| Untracked 
|  26|0x00000000c4200000, 0x00000000c4300000, 0x00000000c4300000|100%| O|  |TAMS 0x00000000c4300000, 0x00000000c4200000| Untracked 
|  27|0x00000000c4300000, 0x00000000c4400000, 0x00000000c4400000|100%| O|  |TAMS 0x00000000c4400000, 0x00000000c4300000| Untracked 
|  28|0x00000000c4400000, 0x00000000c4500000, 0x00000000c4500000|100%| O|  |TAMS 0x00000000c4500000, 0x00000000c4400000| Updating 
|  29|0x00000000c4500000, 0x00000000c4600000, 0x00000000c4600000|100%| O|  |TAMS 0x00000000c4600000, 0x00000000c4500000| Untracked 
|  30|0x00000000c4600000, 0x00000000c4700000, 0x00000000c4700000|100%| O|  |TAMS 0x00000000c4700000, 0x00000000c4600000| Untracked 
|  31|0x00000000c4700000, 0x00000000c4800000, 0x00000000c4800000|100%| O|  |TAMS 0x00000000c4800000, 0x00000000c4700000| Untracked 
|  32|0x00000000c4800000, 0x00000000c4900000, 0x00000000c4900000|100%| O|  |TAMS 0x00000000c4900000, 0x00000000c4800000| Untracked 
|  33|0x00000000c4900000, 0x00000000c4a00000, 0x00000000c4a00000|100%| O|  |TAMS 0x00000000c4a00000, 0x00000000c4900000| Updating 
|  34|0x00000000c4a00000, 0x00000000c4b00000, 0x00000000c4b00000|100%|HS|  |TAMS 0x00000000c4b00000, 0x00000000c4a00000| Complete 
|  35|0x00000000c4b00000, 0x00000000c4c00000, 0x00000000c4c00000|100%|HC|  |TAMS 0x00000000c4c00000, 0x00000000c4b00000| Complete 
|  36|0x00000000c4c00000, 0x00000000c4d00000, 0x00000000c4d00000|100%| O|  |TAMS 0x00000000c4d00000, 0x00000000c4c00000| Updating 
|  37|0x00000000c4d00000, 0x00000000c4e00000, 0x00000000c4e00000|100%| O|  |TAMS 0x00000000c4e00000, 0x00000000c4d00000| Untracked 
|  38|0x00000000c4e00000, 0x00000000c4f00000, 0x00000000c4f00000|100%| O|  |TAMS 0x00000000c4f00000, 0x00000000c4e00000| Untracked 
|  39|0x00000000c4f00000, 0x00000000c5000000, 0x00000000c5000000|100%| O|  |TAMS 0x00000000c5000000, 0x00000000c4f00000| Untracked 
|  40|0x00000000c5000000, 0x00000000c5100000, 0x00000000c5100000|100%| O|  |TAMS 0x00000000c5100000, 0x00000000c5000000| Untracked 
|  41|0x00000000c5100000, 0x00000000c5200000, 0x00000000c5200000|100%| O|  |TAMS 0x00000000c5200000, 0x00000000c5100000| Untracked 
|  42|0x00000000c5200000, 0x00000000c5300000, 0x00000000c5300000|100%| O|  |TAMS 0x00000000c5300000, 0x00000000c5200000| Untracked 
|  43|0x00000000c5300000, 0x00000000c5400000, 0x00000000c5400000|100%| O|  |TAMS 0x00000000c5400000, 0x00000000c5300000| Untracked 
|  44|0x00000000c5400000, 0x00000000c5500000, 0x00000000c5500000|100%| O|  |TAMS 0x00000000c5500000, 0x00000000c5400000| Untracked 
|  45|0x00000000c5500000, 0x00000000c5600000, 0x00000000c5600000|100%| O|  |TAMS 0x00000000c5600000, 0x00000000c5500000| Untracked 
|  46|0x00000000c5600000, 0x00000000c5700000, 0x00000000c5700000|100%| O|  |TAMS 0x00000000c5700000, 0x00000000c5600000| Updating 
|  47|0x00000000c5700000, 0x00000000c5800000, 0x00000000c5800000|100%| O|  |TAMS 0x00000000c5800000, 0x00000000c5700000| Untracked 
|  48|0x00000000c5800000, 0x00000000c5900000, 0x00000000c5900000|100%| O|  |TAMS 0x00000000c5900000, 0x00000000c5800000| Untracked 
|  49|0x00000000c5900000, 0x00000000c5a00000, 0x00000000c5a00000|100%| O|  |TAMS 0x00000000c5a00000, 0x00000000c5900000| Untracked 
|  50|0x00000000c5a00000, 0x00000000c5b00000, 0x00000000c5b00000|100%| O|  |TAMS 0x00000000c5b00000, 0x00000000c5a00000| Untracked 
|  51|0x00000000c5b00000, 0x00000000c5c00000, 0x00000000c5c00000|100%| O|  |TAMS 0x00000000c5c00000, 0x00000000c5b00000| Untracked 
|  52|0x00000000c5c00000, 0x00000000c5d00000, 0x00000000c5d00000|100%|HS|  |TAMS 0x00000000c5d00000, 0x00000000c5c00000| Complete 
|  53|0x00000000c5d00000, 0x00000000c5e00000, 0x00000000c5e00000|100%|HC|  |TAMS 0x00000000c5e00000, 0x00000000c5d00000| Complete 
|  54|0x00000000c5e00000, 0x00000000c5f00000, 0x00000000c5f00000|100%| O|  |TAMS 0x00000000c5f00000, 0x00000000c5e00000| Untracked 
|  55|0x00000000c5f00000, 0x00000000c6000000, 0x00000000c6000000|100%| O|  |TAMS 0x00000000c6000000, 0x00000000c5f00000| Updating 
|  56|0x00000000c6000000, 0x00000000c6100000, 0x00000000c6100000|100%| O|  |TAMS 0x00000000c6100000, 0x00000000c6000000| Untracked 
|  57|0x00000000c6100000, 0x00000000c6200000, 0x00000000c6200000|100%| O|  |TAMS 0x00000000c6200000, 0x00000000c6100000| Untracked 
|  58|0x00000000c6200000, 0x00000000c6300000, 0x00000000c6300000|100%| O|  |TAMS 0x00000000c6300000, 0x00000000c6200000| Untracked 
|  59|0x00000000c6300000, 0x00000000c6400000, 0x00000000c6400000|100%| O|  |TAMS 0x00000000c6400000, 0x00000000c6300000| Untracked 
|  60|0x00000000c6400000, 0x00000000c6500000, 0x00000000c6500000|100%| O|  |TAMS 0x00000000c6500000, 0x00000000c6400000| Untracked 
|  61|0x00000000c6500000, 0x00000000c6600000, 0x00000000c6600000|100%| O|  |TAMS 0x00000000c6600000, 0x00000000c6500000| Untracked 
|  62|0x00000000c6600000, 0x00000000c6700000, 0x00000000c6700000|100%| O|  |TAMS 0x00000000c6700000, 0x00000000c6600000| Untracked 
|  63|0x00000000c6700000, 0x00000000c6800000, 0x00000000c6800000|100%| O|  |TAMS 0x00000000c6800000, 0x00000000c6700000| Untracked 
|  64|0x00000000c6800000, 0x00000000c6900000, 0x00000000c6900000|100%| O|  |TAMS 0x00000000c6900000, 0x00000000c6800000| Untracked 
|  65|0x00000000c6900000, 0x00000000c6a00000, 0x00000000c6a00000|100%| O|  |TAMS 0x00000000c6a00000, 0x00000000c6900000| Untracked 
|  66|0x00000000c6a00000, 0x00000000c6b00000, 0x00000000c6b00000|100%| O|  |TAMS 0x00000000c6b00000, 0x00000000c6a00000| Untracked 
|  67|0x00000000c6b00000, 0x00000000c6b00000, 0x00000000c6c00000|  0%| F|  |TAMS 0x00000000c6b00000, 0x00000000c6b00000| Untracked 
|  68|0x00000000c6c00000, 0x00000000c6d00000, 0x00000000c6d00000|100%| O|  |TAMS 0x00000000c6d00000, 0x00000000c6c00000| Untracked 
|  69|0x00000000c6d00000, 0x00000000c6e00000, 0x00000000c6e00000|100%| O|  |TAMS 0x00000000c6e00000, 0x00000000c6d00000| Untracked 
|  70|0x00000000c6e00000, 0x00000000c6f00000, 0x00000000c6f00000|100%| O|  |TAMS 0x00000000c6f00000, 0x00000000c6e00000| Updating 
|  71|0x00000000c6f00000, 0x00000000c7000000, 0x00000000c7000000|100%| O|  |TAMS 0x00000000c7000000, 0x00000000c6f00000| Untracked 
|  72|0x00000000c7000000, 0x00000000c7100000, 0x00000000c7100000|100%| O|  |TAMS 0x00000000c7100000, 0x00000000c7000000| Untracked 
|  73|0x00000000c7100000, 0x00000000c7200000, 0x00000000c7200000|100%| O|  |TAMS 0x00000000c7200000, 0x00000000c7100000| Untracked 
|  74|0x00000000c7200000, 0x00000000c7300000, 0x00000000c7300000|100%| O|  |TAMS 0x00000000c7300000, 0x00000000c7200000| Untracked 
|  75|0x00000000c7300000, 0x00000000c7400000, 0x00000000c7400000|100%| O|  |TAMS 0x00000000c7400000, 0x00000000c7300000| Untracked 
|  76|0x00000000c7400000, 0x00000000c7500000, 0x00000000c7500000|100%| O|  |TAMS 0x00000000c7500000, 0x00000000c7400000| Untracked 
|  77|0x00000000c7500000, 0x00000000c7600000, 0x00000000c7600000|100%| O|  |TAMS 0x00000000c7600000, 0x00000000c7500000| Updating 
|  78|0x00000000c7600000, 0x00000000c7700000, 0x00000000c7700000|100%| O|  |TAMS 0x00000000c7700000, 0x00000000c7600000| Untracked 
|  79|0x00000000c7700000, 0x00000000c7700000, 0x00000000c7800000|  0%| F|  |TAMS 0x00000000c7700000, 0x00000000c7700000| Untracked 
|  80|0x00000000c7800000, 0x00000000c7900000, 0x00000000c7900000|100%| O|  |TAMS 0x00000000c7900000, 0x00000000c7800000| Untracked 
|  81|0x00000000c7900000, 0x00000000c7a00000, 0x00000000c7a00000|100%| O|  |TAMS 0x00000000c7a00000, 0x00000000c7900000| Untracked 
|  82|0x00000000c7a00000, 0x00000000c7b00000, 0x00000000c7b00000|100%| O|  |TAMS 0x00000000c7b00000, 0x00000000c7a00000| Updating 
|  83|0x00000000c7b00000, 0x00000000c7befa00, 0x00000000c7c00000| 93%| O|  |TAMS 0x00000000c7befa00, 0x00000000c7b00000| Untracked 
|  84|0x00000000c7c00000, 0x00000000c7c00000, 0x00000000c7d00000|  0%| F|  |TAMS 0x00000000c7c00000, 0x00000000c7c00000| Untracked 
|  85|0x00000000c7d00000, 0x00000000c7d00000, 0x00000000c7e00000|  0%| F|  |TAMS 0x00000000c7d00000, 0x00000000c7d00000| Untracked 
|  86|0x00000000c7e00000, 0x00000000c7e00000, 0x00000000c7f00000|  0%| F|  |TAMS 0x00000000c7e00000, 0x00000000c7e00000| Untracked 
|  87|0x00000000c7f00000, 0x00000000c7f00000, 0x00000000c8000000|  0%| F|  |TAMS 0x00000000c7f00000, 0x00000000c7f00000| Untracked 
|  88|0x00000000c8000000, 0x00000000c8000000, 0x00000000c8100000|  0%| F|  |TAMS 0x00000000c8000000, 0x00000000c8000000| Untracked 
|  89|0x00000000c8100000, 0x00000000c8100000, 0x00000000c8200000|  0%| F|  |TAMS 0x00000000c8100000, 0x00000000c8100000| Untracked 
|  90|0x00000000c8200000, 0x00000000c8200000, 0x00000000c8300000|  0%| F|  |TAMS 0x00000000c8200000, 0x00000000c8200000| Untracked 
|  91|0x00000000c8300000, 0x00000000c8300000, 0x00000000c8400000|  0%| F|  |TAMS 0x00000000c8300000, 0x00000000c8300000| Untracked 
|  92|0x00000000c8400000, 0x00000000c8400000, 0x00000000c8500000|  0%| F|  |TAMS 0x00000000c8400000, 0x00000000c8400000| Untracked 
|  93|0x00000000c8500000, 0x00000000c8500000, 0x00000000c8600000|  0%| F|  |TAMS 0x00000000c8500000, 0x00000000c8500000| Untracked 
|  94|0x00000000c8600000, 0x00000000c8600000, 0x00000000c8700000|  0%| F|  |TAMS 0x00000000c8600000, 0x00000000c8600000| Untracked 
|  95|0x00000000c8700000, 0x00000000c8700000, 0x00000000c8800000|  0%| F|  |TAMS 0x00000000c8700000, 0x00000000c8700000| Untracked 
|  96|0x00000000c8800000, 0x00000000c8800000, 0x00000000c8900000|  0%| F|  |TAMS 0x00000000c8800000, 0x00000000c8800000| Untracked 
|  97|0x00000000c8900000, 0x00000000c8900000, 0x00000000c8a00000|  0%| F|  |TAMS 0x00000000c8900000, 0x00000000c8900000| Untracked 
|  98|0x00000000c8a00000, 0x00000000c8a00000, 0x00000000c8b00000|  0%| F|  |TAMS 0x00000000c8a00000, 0x00000000c8a00000| Untracked 
|  99|0x00000000c8b00000, 0x00000000c8b7a760, 0x00000000c8c00000| 47%| S|CS|TAMS 0x00000000c8b00000, 0x00000000c8b00000| Complete 
| 100|0x00000000c8c00000, 0x00000000c8c00000, 0x00000000c8d00000|  0%| F|  |TAMS 0x00000000c8c00000, 0x00000000c8c00000| Untracked 
| 101|0x00000000c8d00000, 0x00000000c8d00000, 0x00000000c8e00000|  0%| F|  |TAMS 0x00000000c8d00000, 0x00000000c8d00000| Untracked 
| 102|0x00000000c8e00000, 0x00000000c8e00000, 0x00000000c8f00000|  0%| F|  |TAMS 0x00000000c8e00000, 0x00000000c8e00000| Untracked 
| 103|0x00000000c8f00000, 0x00000000c8f00000, 0x00000000c9000000|  0%| F|  |TAMS 0x00000000c8f00000, 0x00000000c8f00000| Untracked 
| 104|0x00000000c9000000, 0x00000000c9000000, 0x00000000c9100000|  0%| F|  |TAMS 0x00000000c9000000, 0x00000000c9000000| Untracked 
| 105|0x00000000c9100000, 0x00000000c9100000, 0x00000000c9200000|  0%| F|  |TAMS 0x00000000c9100000, 0x00000000c9100000| Untracked 
| 106|0x00000000c9200000, 0x00000000c9200000, 0x00000000c9300000|  0%| F|  |TAMS 0x00000000c9200000, 0x00000000c9200000| Untracked 
| 107|0x00000000c9300000, 0x00000000c9300000, 0x00000000c9400000|  0%| F|  |TAMS 0x00000000c9300000, 0x00000000c9300000| Untracked 
| 108|0x00000000c9400000, 0x00000000c9400000, 0x00000000c9500000|  0%| F|  |TAMS 0x00000000c9400000, 0x00000000c9400000| Untracked 
| 109|0x00000000c9500000, 0x00000000c9500000, 0x00000000c9600000|  0%| F|  |TAMS 0x00000000c9500000, 0x00000000c9500000| Untracked 
| 110|0x00000000c9600000, 0x00000000c9600000, 0x00000000c9700000|  0%| F|  |TAMS 0x00000000c9600000, 0x00000000c9600000| Untracked 
| 111|0x00000000c9700000, 0x00000000c9700000, 0x00000000c9800000|  0%| F|  |TAMS 0x00000000c9700000, 0x00000000c9700000| Untracked 
| 112|0x00000000c9800000, 0x00000000c9800000, 0x00000000c9900000|  0%| F|  |TAMS 0x00000000c9800000, 0x00000000c9800000| Untracked 
| 113|0x00000000c9900000, 0x00000000c9900000, 0x00000000c9a00000|  0%| F|  |TAMS 0x00000000c9900000, 0x00000000c9900000| Untracked 
| 114|0x00000000c9a00000, 0x00000000c9a00000, 0x00000000c9b00000|  0%| F|  |TAMS 0x00000000c9a00000, 0x00000000c9a00000| Untracked 
| 115|0x00000000c9b00000, 0x00000000c9b00000, 0x00000000c9c00000|  0%| F|  |TAMS 0x00000000c9b00000, 0x00000000c9b00000| Untracked 
| 116|0x00000000c9c00000, 0x00000000c9c00000, 0x00000000c9d00000|  0%| F|  |TAMS 0x00000000c9c00000, 0x00000000c9c00000| Untracked 
| 117|0x00000000c9d00000, 0x00000000c9e00000, 0x00000000c9e00000|100%| E|  |TAMS 0x00000000c9d00000, 0x00000000c9d00000| Complete 
| 118|0x00000000c9e00000, 0x00000000c9f00000, 0x00000000c9f00000|100%| E|CS|TAMS 0x00000000c9e00000, 0x00000000c9e00000| Complete 
| 119|0x00000000c9f00000, 0x00000000ca000000, 0x00000000ca000000|100%| E|CS|TAMS 0x00000000c9f00000, 0x00000000c9f00000| Complete 
| 120|0x00000000ca000000, 0x00000000ca100000, 0x00000000ca100000|100%| E|CS|TAMS 0x00000000ca000000, 0x00000000ca000000| Complete 
| 121|0x00000000ca100000, 0x00000000ca200000, 0x00000000ca200000|100%| E|CS|TAMS 0x00000000ca100000, 0x00000000ca100000| Complete 
| 122|0x00000000ca200000, 0x00000000ca300000, 0x00000000ca300000|100%| E|CS|TAMS 0x00000000ca200000, 0x00000000ca200000| Complete 
| 123|0x00000000ca300000, 0x00000000ca400000, 0x00000000ca400000|100%| E|CS|TAMS 0x00000000ca300000, 0x00000000ca300000| Complete 
| 124|0x00000000ca400000, 0x00000000ca500000, 0x00000000ca500000|100%| E|CS|TAMS 0x00000000ca400000, 0x00000000ca400000| Complete 
| 125|0x00000000ca500000, 0x00000000ca600000, 0x00000000ca600000|100%| E|CS|TAMS 0x00000000ca500000, 0x00000000ca500000| Complete 
| 126|0x00000000ca600000, 0x00000000ca700000, 0x00000000ca700000|100%| E|CS|TAMS 0x00000000ca600000, 0x00000000ca600000| Complete 
| 127|0x00000000ca700000, 0x00000000ca800000, 0x00000000ca800000|100%| E|CS|TAMS 0x00000000ca700000, 0x00000000ca700000| Complete 
| 128|0x00000000ca800000, 0x00000000ca900000, 0x00000000ca900000|100%| E|CS|TAMS 0x00000000ca800000, 0x00000000ca800000| Complete 
| 129|0x00000000ca900000, 0x00000000caa00000, 0x00000000caa00000|100%| E|CS|TAMS 0x00000000ca900000, 0x00000000ca900000| Complete 
| 130|0x00000000caa00000, 0x00000000cab00000, 0x00000000cab00000|100%| E|CS|TAMS 0x00000000caa00000, 0x00000000caa00000| Complete 
| 131|0x00000000cab00000, 0x00000000cac00000, 0x00000000cac00000|100%| E|CS|TAMS 0x00000000cab00000, 0x00000000cab00000| Complete 
| 132|0x00000000cac00000, 0x00000000cad00000, 0x00000000cad00000|100%| E|CS|TAMS 0x00000000cac00000, 0x00000000cac00000| Complete 
| 133|0x00000000cad00000, 0x00000000cae00000, 0x00000000cae00000|100%| E|CS|TAMS 0x00000000cad00000, 0x00000000cad00000| Complete 
| 134|0x00000000cae00000, 0x00000000caf00000, 0x00000000caf00000|100%| E|CS|TAMS 0x00000000cae00000, 0x00000000cae00000| Complete 
| 135|0x00000000caf00000, 0x00000000cb000000, 0x00000000cb000000|100%| E|CS|TAMS 0x00000000caf00000, 0x00000000caf00000| Complete 
| 136|0x00000000cb000000, 0x00000000cb100000, 0x00000000cb100000|100%| E|CS|TAMS 0x00000000cb000000, 0x00000000cb000000| Complete 
| 137|0x00000000cb100000, 0x00000000cb200000, 0x00000000cb200000|100%| E|CS|TAMS 0x00000000cb100000, 0x00000000cb100000| Complete 
| 138|0x00000000cb200000, 0x00000000cb300000, 0x00000000cb300000|100%| E|CS|TAMS 0x00000000cb200000, 0x00000000cb200000| Complete 
| 139|0x00000000cb300000, 0x00000000cb400000, 0x00000000cb400000|100%| E|CS|TAMS 0x00000000cb300000, 0x00000000cb300000| Complete 
| 140|0x00000000cb400000, 0x00000000cb500000, 0x00000000cb500000|100%| E|CS|TAMS 0x00000000cb400000, 0x00000000cb400000| Complete 
| 141|0x00000000cb500000, 0x00000000cb600000, 0x00000000cb600000|100%| E|CS|TAMS 0x00000000cb500000, 0x00000000cb500000| Complete 
| 142|0x00000000cb600000, 0x00000000cb700000, 0x00000000cb700000|100%| E|CS|TAMS 0x00000000cb600000, 0x00000000cb600000| Complete 
| 143|0x00000000cb700000, 0x00000000cb800000, 0x00000000cb800000|100%| E|CS|TAMS 0x00000000cb700000, 0x00000000cb700000| Complete 
| 144|0x00000000cb800000, 0x00000000cb900000, 0x00000000cb900000|100%| E|CS|TAMS 0x00000000cb800000, 0x00000000cb800000| Complete 
| 145|0x00000000cb900000, 0x00000000cba00000, 0x00000000cba00000|100%| E|CS|TAMS 0x00000000cb900000, 0x00000000cb900000| Complete 
| 146|0x00000000cba00000, 0x00000000cbb00000, 0x00000000cbb00000|100%| E|CS|TAMS 0x00000000cba00000, 0x00000000cba00000| Complete 
| 147|0x00000000cbb00000, 0x00000000cbc00000, 0x00000000cbc00000|100%| E|CS|TAMS 0x00000000cbb00000, 0x00000000cbb00000| Complete 
| 148|0x00000000cbc00000, 0x00000000cbd00000, 0x00000000cbd00000|100%| E|CS|TAMS 0x00000000cbc00000, 0x00000000cbc00000| Complete 
| 149|0x00000000cbd00000, 0x00000000cbe00000, 0x00000000cbe00000|100%| E|CS|TAMS 0x00000000cbd00000, 0x00000000cbd00000| Complete 
| 150|0x00000000cbe00000, 0x00000000cbf00000, 0x00000000cbf00000|100%| E|CS|TAMS 0x00000000cbe00000, 0x00000000cbe00000| Complete 
| 151|0x00000000cbf00000, 0x00000000cc000000, 0x00000000cc000000|100%| E|CS|TAMS 0x00000000cbf00000, 0x00000000cbf00000| Complete 
| 152|0x00000000cc000000, 0x00000000cc100000, 0x00000000cc100000|100%| E|CS|TAMS 0x00000000cc000000, 0x00000000cc000000| Complete 
| 153|0x00000000cc100000, 0x00000000cc200000, 0x00000000cc200000|100%| E|CS|TAMS 0x00000000cc100000, 0x00000000cc100000| Complete 
| 154|0x00000000cc200000, 0x00000000cc300000, 0x00000000cc300000|100%| E|CS|TAMS 0x00000000cc200000, 0x00000000cc200000| Complete 
| 155|0x00000000cc300000, 0x00000000cc400000, 0x00000000cc400000|100%| E|CS|TAMS 0x00000000cc300000, 0x00000000cc300000| Complete 
| 156|0x00000000cc400000, 0x00000000cc500000, 0x00000000cc500000|100%| E|CS|TAMS 0x00000000cc400000, 0x00000000cc400000| Complete 
| 157|0x00000000cc500000, 0x00000000cc600000, 0x00000000cc600000|100%| E|CS|TAMS 0x00000000cc500000, 0x00000000cc500000| Complete 
| 158|0x00000000cc600000, 0x00000000cc700000, 0x00000000cc700000|100%| E|CS|TAMS 0x00000000cc600000, 0x00000000cc600000| Complete 
| 159|0x00000000cc700000, 0x00000000cc800000, 0x00000000cc800000|100%| E|CS|TAMS 0x00000000cc700000, 0x00000000cc700000| Complete 
| 160|0x00000000cc800000, 0x00000000cc900000, 0x00000000cc900000|100%| E|CS|TAMS 0x00000000cc800000, 0x00000000cc800000| Complete 
| 161|0x00000000cc900000, 0x00000000cca00000, 0x00000000cca00000|100%| E|CS|TAMS 0x00000000cc900000, 0x00000000cc900000| Complete 
| 162|0x00000000cca00000, 0x00000000ccb00000, 0x00000000ccb00000|100%| E|CS|TAMS 0x00000000cca00000, 0x00000000cca00000| Complete 
| 163|0x00000000ccb00000, 0x00000000ccc00000, 0x00000000ccc00000|100%| E|CS|TAMS 0x00000000ccb00000, 0x00000000ccb00000| Complete 
| 164|0x00000000ccc00000, 0x00000000ccd00000, 0x00000000ccd00000|100%| E|CS|TAMS 0x00000000ccc00000, 0x00000000ccc00000| Complete 

Card table byte_map: [0x000002d1bc420000,0x000002d1bc610000] _byte_map_base: 0x000002d1bbe0c000

Marking Bits (Prev, Next): (CMBitMap*) 0x000002d1a5946b50, (CMBitMap*) 0x000002d1a5946b90
 Prev Bits: [0x000002d1bc800000, 0x000002d1bd760000)
 Next Bits: [0x000002d1bd760000, 0x000002d1be6c0000)

Polling page: 0x000002d1a38a0000

Metaspace:

Usage:
  Non-class:     53.79 MB used.
      Class:      6.84 MB used.
       Both:     60.63 MB used.

Virtual space:
  Non-class space:       64.00 MB reserved,      54.19 MB ( 85%) committed,  1 nodes.
      Class space:        1.00 GB reserved,       7.25 MB ( <1%) committed,  1 nodes.
             Both:        1.06 GB reserved,      61.44 MB (  6%) committed. 

Chunk freelists:
   Non-Class:  1.44 MB
       Class:  717.00 KB
        Both:  2.14 MB

MaxMetaspaceSize: unlimited
CompressedClassSpaceSize: 1.00 GB
Initial GC threshold: 21.00 MB
Current GC threshold: 102.31 MB
CDS: on
MetaspaceReclaimPolicy: balanced
 - commit_granule_bytes: 65536.
 - commit_granule_words: 8192.
 - virtual_space_node_default_size: 8388608.
 - enlarge_chunks_in_place: 1.
 - new_chunks_are_fully_committed: 0.
 - uncommit_free_chunks: 1.
 - use_allocation_guard: 0.


Internal statistics:

num_allocs_failed_limit: 6.
num_arena_births: 1342.
num_arena_deaths: 0.
num_vsnodes_births: 2.
num_vsnodes_deaths: 0.
num_space_committed: 981.
num_space_uncommitted: 0.
num_chunks_returned_to_freelist: 6.
num_chunks_taken_from_freelist: 3794.
num_chunk_merges: 6.
num_chunk_splits: 2801.
num_chunks_enlarged: 2139.
num_inconsistent_stats: 0.

CodeHeap 'non-profiled nmethods': size=120000Kb used=6056Kb max_used=6056Kb free=113943Kb
 bounds [0x000002d1b4d00000, 0x000002d1b52f0000, 0x000002d1bc230000]
CodeHeap 'profiled nmethods': size=120000Kb used=33666Kb max_used=34416Kb free=86333Kb
 bounds [0x000002d1ad7d0000, 0x000002d1af970000, 0x000002d1b4d00000]
CodeHeap 'non-nmethods': size=5760Kb used=1332Kb max_used=1419Kb free=4427Kb
 bounds [0x000002d1ad230000, 0x000002d1ad4a0000, 0x000002d1ad7d0000]
 total_blobs=11786 nmethods=11148 adapters=549
 compilation: enabled
              stopped_count=0, restarted_count=0
 full_count=0

Compilation events (20 events):
Event: 50.782 Thread 0x000002d1c0b22790 13407       3       org.jetbrains.kotlin.types.AbstractNullabilityChecker::isSubtypeOfAny (42 bytes)
Event: 50.782 Thread 0x000002d1c0b2b7b0 nmethod 13408 0x000002d1b52e7c10 code [0x000002d1b52e7da0, 0x000002d1b52e7eb8]
Event: 50.783 Thread 0x000002d1c0b22790 nmethod 13407 0x000002d1ad7f7190 code [0x000002d1ad7f7440, 0x000002d1ad7f7fd8]
Event: 50.801 Thread 0x000002d1c0b22790 13409       3       org.jetbrains.kotlin.resolve.calls.inference.components.TrivialConstraintTypeInferenceOracle$containsOnlyNonNullableNothing$1::invoke (79 bytes)
Event: 50.804 Thread 0x000002d1c0b22790 nmethod 13409 0x000002d1aeeb3890 code [0x000002d1aeeb3de0, 0x000002d1aeeb66a8]
Event: 50.810 Thread 0x000002d1c0b2b7b0 13410       4       org.jetbrains.kotlin.resolve.calls.inference.components.VariableFixationFinder$hasDependencyToOtherTypeVariables$dependencyPresenceCondition$1::invoke (62 bytes)
Event: 50.836 Thread 0x000002d1c0b2b7b0 nmethod 13410 0x000002d1b52e8010 code [0x000002d1b52e8240, 0x000002d1b52e8c18]
Event: 50.949 Thread 0x000002d1c0b22790 13411       3       java.util.TimSort::countRunAndMakeAscending (128 bytes)
Event: 50.950 Thread 0x000002d1c0b22790 nmethod 13411 0x000002d1ad9bf910 code [0x000002d1ad9bfb20, 0x000002d1ad9c0258]
Event: 50.950 Thread 0x000002d1c0b22790 13412       3       java.util.TimSort::binarySort (223 bytes)
Event: 50.951 Thread 0x000002d1c0b22790 nmethod 13412 0x000002d1ad7f6190 code [0x000002d1ad7f63a0, 0x000002d1ad7f6eb8]
Event: 50.951 Thread 0x000002d1c0b2b7b0 13413       4       org.jetbrains.kotlin.resolve.calls.components.ClassicTypeSystemContextForCS::isStubTypeForBuilderInference (6 bytes)
Event: 50.953 Thread 0x000002d1c0b2b7b0 nmethod 13413 0x000002d1b52e9690 code [0x000002d1b52e9820, 0x000002d1b52e9958]
Event: 51.027 Thread 0x000002d1c0b2b7b0 13414       4       org.jetbrains.kotlin.resolve.calls.inference.model.NewConstraintSystemImpl::typeDepth (18 bytes)
Event: 51.028 Thread 0x000002d1c0b2b7b0 nmethod 13414 0x000002d1b52e9b10 code [0x000002d1b52e9ca0, 0x000002d1b52e9d88]
Event: 51.052 Thread 0x000002d1c0b22790 13415       3       org.jetbrains.kotlin.resolve.calls.inference.components.PostponedArgumentInputTypesResolver::collectParameterTypesAndBuildNewExpectedTypes (292 bytes)
Event: 51.056 Thread 0x000002d1c0b22790 nmethod 13415 0x000002d1aee3dc10 code [0x000002d1aee3e1c0, 0x000002d1aee41348]
Event: 51.080 Thread 0x000002d1c0b2b7b0 13416       4       org.jetbrains.kotlin.types.TypeCheckerState::addSubtypeConstraint (14 bytes)
Event: 51.081 Thread 0x000002d1c0b2b7b0 nmethod 13416 0x000002d1b52e9e90 code [0x000002d1b52ea000, 0x000002d1b52ea0b8]
Event: 51.088 Thread 0x000002d1c0b2b7b0 13417       4       org.jetbrains.kotlin.resolve.calls.inference.components.VariableFixationFinder$hasDependencyToOtherTypeVariables$dependencyPresenceCondition$1::invoke (9 bytes)

GC Heap History (20 events):
Event: 47.630 GC heap before
{Heap before GC invocations=46 (full 0):
 garbage-first heap   total 168960K, used 91718K [0x00000000c2800000, 0x0000000100000000)
  region size 1024K, 8 young (8192K), 1 survivors (1024K)
 Metaspace       used 62005K, committed 62848K, reserved 1114112K
  class space    used 7000K, committed 7424K, reserved 1048576K
}
Event: 47.634 GC heap after
{Heap after GC invocations=47 (full 0):
 garbage-first heap   total 168960K, used 84276K [0x00000000c2800000, 0x0000000100000000)
  region size 1024K, 1 young (1024K), 1 survivors (1024K)
 Metaspace       used 62005K, committed 62848K, reserved 1114112K
  class space    used 7000K, committed 7424K, reserved 1048576K
}
Event: 48.200 GC heap before
{Heap before GC invocations=47 (full 0):
 garbage-first heap   total 168960K, used 145716K [0x00000000c2800000, 0x0000000100000000)
  region size 1024K, 61 young (62464K), 1 survivors (1024K)
 Metaspace       used 62005K, committed 62848K, reserved 1114112K
  class space    used 7000K, committed 7424K, reserved 1048576K
}
Event: 48.204 GC heap after
{Heap after GC invocations=48 (full 0):
 garbage-first heap   total 168960K, used 84294K [0x00000000c2800000, 0x0000000100000000)
  region size 1024K, 1 young (1024K), 1 survivors (1024K)
 Metaspace       used 62005K, committed 62848K, reserved 1114112K
  class space    used 7000K, committed 7424K, reserved 1048576K
}
Event: 48.481 GC heap before
{Heap before GC invocations=48 (full 0):
 garbage-first heap   total 168960K, used 146758K [0x00000000c2800000, 0x0000000100000000)
  region size 1024K, 62 young (63488K), 1 survivors (1024K)
 Metaspace       used 62005K, committed 62848K, reserved 1114112K
  class space    used 7000K, committed 7424K, reserved 1048576K
}
Event: 48.488 GC heap after
{Heap after GC invocations=49 (full 0):
 garbage-first heap   total 168960K, used 84313K [0x00000000c2800000, 0x0000000100000000)
  region size 1024K, 1 young (1024K), 1 survivors (1024K)
 Metaspace       used 62005K, committed 62848K, reserved 1114112K
  class space    used 7000K, committed 7424K, reserved 1048576K
}
Event: 48.702 GC heap before
{Heap before GC invocations=49 (full 0):
 garbage-first heap   total 168960K, used 146777K [0x00000000c2800000, 0x0000000100000000)
  region size 1024K, 62 young (63488K), 1 survivors (1024K)
 Metaspace       used 62005K, committed 62848K, reserved 1114112K
  class space    used 7000K, committed 7424K, reserved 1048576K
}
Event: 48.704 GC heap after
{Heap after GC invocations=50 (full 0):
 garbage-first heap   total 168960K, used 84331K [0x00000000c2800000, 0x0000000100000000)
  region size 1024K, 1 young (1024K), 1 survivors (1024K)
 Metaspace       used 62005K, committed 62848K, reserved 1114112K
  class space    used 7000K, committed 7424K, reserved 1048576K
}
Event: 49.032 GC heap before
{Heap before GC invocations=50 (full 0):
 garbage-first heap   total 168960K, used 147819K [0x00000000c2800000, 0x0000000100000000)
  region size 1024K, 63 young (64512K), 1 survivors (1024K)
 Metaspace       used 62023K, committed 62848K, reserved 1114112K
  class space    used 7000K, committed 7424K, reserved 1048576K
}
Event: 49.034 GC heap after
{Heap after GC invocations=51 (full 0):
 garbage-first heap   total 168960K, used 84576K [0x00000000c2800000, 0x0000000100000000)
  region size 1024K, 1 young (1024K), 1 survivors (1024K)
 Metaspace       used 62023K, committed 62848K, reserved 1114112K
  class space    used 7000K, committed 7424K, reserved 1048576K
}
Event: 49.503 GC heap before
{Heap before GC invocations=52 (full 0):
 garbage-first heap   total 168960K, used 148064K [0x00000000c2800000, 0x0000000100000000)
  region size 1024K, 63 young (64512K), 1 survivors (1024K)
 Metaspace       used 62025K, committed 62848K, reserved 1114112K
  class space    used 7000K, committed 7424K, reserved 1048576K
}
Event: 49.505 GC heap after
{Heap after GC invocations=53 (full 0):
 garbage-first heap   total 168960K, used 84423K [0x00000000c2800000, 0x0000000100000000)
  region size 1024K, 1 young (1024K), 1 survivors (1024K)
 Metaspace       used 62025K, committed 62848K, reserved 1114112K
  class space    used 7000K, committed 7424K, reserved 1048576K
}
Event: 49.531 GC heap before
{Heap before GC invocations=53 (full 0):
 garbage-first heap   total 168960K, used 91591K [0x00000000c2800000, 0x0000000100000000)
  region size 1024K, 8 young (8192K), 1 survivors (1024K)
 Metaspace       used 62025K, committed 62848K, reserved 1114112K
  class space    used 7000K, committed 7424K, reserved 1048576K
}
Event: 49.538 GC heap after
{Heap after GC invocations=54 (full 0):
 garbage-first heap   total 168960K, used 84310K [0x00000000c2800000, 0x0000000100000000)
  region size 1024K, 1 young (1024K), 1 survivors (1024K)
 Metaspace       used 62025K, committed 62848K, reserved 1114112K
  class space    used 7000K, committed 7424K, reserved 1048576K
}
Event: 49.868 GC heap before
{Heap before GC invocations=54 (full 0):
 garbage-first heap   total 168960K, used 148822K [0x00000000c2800000, 0x0000000100000000)
  region size 1024K, 64 young (65536K), 1 survivors (1024K)
 Metaspace       used 62029K, committed 62848K, reserved 1114112K
  class space    used 7000K, committed 7424K, reserved 1048576K
}
Event: 49.869 GC heap after
{Heap after GC invocations=55 (full 0):
 garbage-first heap   total 168960K, used 84148K [0x00000000c2800000, 0x0000000100000000)
  region size 1024K, 1 young (1024K), 1 survivors (1024K)
 Metaspace       used 62029K, committed 62848K, reserved 1114112K
  class space    used 7000K, committed 7424K, reserved 1048576K
}
Event: 50.337 GC heap before
{Heap before GC invocations=55 (full 0):
 garbage-first heap   total 168960K, used 148660K [0x00000000c2800000, 0x0000000100000000)
  region size 1024K, 64 young (65536K), 1 survivors (1024K)
 Metaspace       used 62053K, committed 62912K, reserved 1114112K
  class space    used 7000K, committed 7424K, reserved 1048576K
}
Event: 50.339 GC heap after
{Heap after GC invocations=56 (full 0):
 garbage-first heap   total 168960K, used 84177K [0x00000000c2800000, 0x0000000100000000)
  region size 1024K, 1 young (1024K), 1 survivors (1024K)
 Metaspace       used 62053K, committed 62912K, reserved 1114112K
  class space    used 7000K, committed 7424K, reserved 1048576K
}
Event: 50.769 GC heap before
{Heap before GC invocations=56 (full 0):
 garbage-first heap   total 168960K, used 149713K [0x00000000c2800000, 0x0000000100000000)
  region size 1024K, 65 young (66560K), 1 survivors (1024K)
 Metaspace       used 62066K, committed 62912K, reserved 1114112K
  class space    used 7000K, committed 7424K, reserved 1048576K
}
Event: 50.772 GC heap after
{Heap after GC invocations=57 (full 0):
 garbage-first heap   total 168960K, used 84392K [0x00000000c2800000, 0x0000000100000000)
  region size 1024K, 1 young (1024K), 1 survivors (1024K)
 Metaspace       used 62066K, committed 62912K, reserved 1114112K
  class space    used 7000K, committed 7424K, reserved 1048576K
}

Deoptimization events (20 events):
Event: 48.860 Thread 0x000002d1a5905670 DEOPT PACKING pc=0x000002d1b526eefc sp=0x000000e235efb050
Event: 48.860 Thread 0x000002d1a5905670 DEOPT UNPACKING pc=0x000002d1ad28239d sp=0x000000e235efaf40 mode 2
Event: 48.860 Thread 0x000002d1a5905670 Uncommon trap: trap_request=0xffffff45 fr.pc=0x000002d1b5265b90 relative=0x0000000000000150
Event: 48.860 Thread 0x000002d1a5905670 Uncommon trap: reason=unstable_if action=reinterpret pc=0x000002d1b5265b90 method=org.jetbrains.kotlin.resolve.calls.inference.components.ConstraintIncorporatorKt$getNestedArguments$addArgumentsToStack$1.invoke(Lorg/jetbrains/kotlin/types/model/KotlinType
Event: 48.860 Thread 0x000002d1a5905670 DEOPT PACKING pc=0x000002d1b5265b90 sp=0x000000e235efafc0
Event: 48.860 Thread 0x000002d1a5905670 DEOPT UNPACKING pc=0x000002d1ad28239d sp=0x000000e235efaf48 mode 2
Event: 48.860 Thread 0x000002d1a5905670 Uncommon trap: trap_request=0xffffff45 fr.pc=0x000002d1b528a5dc relative=0x000000000000091c
Event: 48.860 Thread 0x000002d1a5905670 Uncommon trap: reason=unstable_if action=reinterpret pc=0x000002d1b528a5dc method=org.jetbrains.kotlin.resolve.calls.inference.components.ConstraintIncorporator.addNewConstraint(Lorg/jetbrains/kotlin/resolve/calls/inference/components/ConstraintIncorporat
Event: 48.860 Thread 0x000002d1a5905670 DEOPT PACKING pc=0x000002d1b528a5dc sp=0x000000e235efb160
Event: 48.860 Thread 0x000002d1a5905670 DEOPT UNPACKING pc=0x000002d1ad28239d sp=0x000000e235efb0d8 mode 2
Event: 49.839 Thread 0x000002d1a5905670 DEOPT PACKING pc=0x000002d1af6c2cc1 sp=0x000000e235efb8d0
Event: 49.839 Thread 0x000002d1a5905670 DEOPT UNPACKING pc=0x000002d1ad282b24 sp=0x000000e235efae50 mode 0
Event: 49.861 Thread 0x000002d1a5905670 DEOPT PACKING pc=0x000002d1af6c2ca0 sp=0x000000e235efb5c0
Event: 49.861 Thread 0x000002d1a5905670 DEOPT UNPACKING pc=0x000002d1ad282b24 sp=0x000000e235efab38 mode 0
Event: 49.906 Thread 0x000002d1a5905670 DEOPT PACKING pc=0x000002d1af6c2ca0 sp=0x000000e235efb8d0
Event: 49.906 Thread 0x000002d1a5905670 DEOPT UNPACKING pc=0x000002d1ad282b24 sp=0x000000e235efae48 mode 0
Event: 49.961 Thread 0x000002d1a5905670 DEOPT PACKING pc=0x000002d1af6c2cc1 sp=0x000000e235efb5c0
Event: 49.961 Thread 0x000002d1a5905670 DEOPT UNPACKING pc=0x000002d1ad282b24 sp=0x000000e235efab40 mode 0
Event: 50.068 Thread 0x000002d1a5905670 DEOPT PACKING pc=0x000002d1af6c2ca0 sp=0x000000e235efb8d0
Event: 50.068 Thread 0x000002d1a5905670 DEOPT UNPACKING pc=0x000002d1ad282b24 sp=0x000000e235efae48 mode 0

Classes loaded (20 events):
Event: 21.987 Loading class java/util/stream/Node$OfInt done
Event: 21.987 Loading class java/util/stream/Nodes$EmptyNode$OfInt done
Event: 21.987 Loading class java/util/stream/Nodes$EmptyNode$OfLong
Event: 21.987 Loading class java/util/stream/Node$OfLong
Event: 21.987 Loading class java/util/stream/Node$OfLong done
Event: 21.987 Loading class java/util/stream/Nodes$EmptyNode$OfLong done
Event: 21.987 Loading class java/util/stream/Nodes$EmptyNode$OfDouble
Event: 21.987 Loading class java/util/stream/Node$OfDouble
Event: 21.987 Loading class java/util/stream/Node$OfDouble done
Event: 21.987 Loading class java/util/stream/Nodes$EmptyNode$OfDouble done
Event: 21.988 Loading class java/util/stream/Nodes$SpinedNodeBuilder
Event: 21.988 Loading class java/util/stream/Node$Builder
Event: 21.988 Loading class java/util/stream/Node$Builder done
Event: 21.988 Loading class java/util/stream/SpinedBuffer
Event: 21.989 Loading class java/util/stream/AbstractSpinedBuffer
Event: 21.989 Loading class java/util/stream/AbstractSpinedBuffer done
Event: 21.989 Loading class java/util/stream/SpinedBuffer done
Event: 21.989 Loading class java/util/stream/Nodes$SpinedNodeBuilder done
Event: 35.679 Loading class java/util/concurrent/locks/AbstractQueuedSynchronizer$Node
Event: 35.679 Loading class java/util/concurrent/locks/AbstractQueuedSynchronizer$Node done

Classes unloaded (0 events):
No events

Classes redefined (0 events):
No events

Internal exceptions (20 events):
Event: 21.975 Thread 0x000002d1a5905670 Exception <a 'java/lang/NoSuchMethodError'{0x00000000c6a759d8}: 'void java.lang.invoke.DirectMethodHandle$Holder.invokeInterface(java.lang.Object, java.lang.Object)'> (0x00000000c6a759d8) 
thrown [s\open\src\hotspot\share\interpreter\linkResolver.cpp, line 759]
Event: 22.379 Thread 0x000002d1a5905670 Implicit null exception at 0x000002d1b4d575ef to 0x000002d1b4d577dc
Event: 22.624 Thread 0x000002d1a5905670 Exception <a 'java/lang/NoSuchMethodError'{0x00000000c791c308}: 'java.lang.Object java.lang.invoke.DirectMethodHandle$Holder.invokeStaticInit(java.lang.Object, java.lang.Object, java.lang.Object)'> (0x00000000c791c308) 
thrown [s\open\src\hotspot\share\interpreter\linkResolver.cpp, line 759]
Event: 22.788 Thread 0x000002d1a5905670 Exception <a 'java/lang/NoSuchMethodError'{0x00000000c78338f0}: 'java.lang.Object java.lang.invoke.Invokers$Holder.linkToTargetMethod(java.lang.Object, java.lang.Object, java.lang.Object, java.lang.Object, java.lang.Object, java.lang.Object, java.lang.Object, java.lang.Object)'> (0x00000000c78338f0) 
thrown [s\open\src\hotspot\share\interpreter\linkResolver.cpp, line 759]
Event: 24.467 Thread 0x000002d1a5905670 Exception <a 'java/lang/IncompatibleClassChangeError'{0x00000000c7983660}: Found class java.lang.Object, but interface was expected> (0x00000000c7983660) 
thrown [s\open\src\hotspot\share\interpreter\linkResolver.cpp, line 826]
Event: 25.552 Thread 0x000002d1a5905670 Exception <a 'java/lang/NoSuchMethodError'{0x00000000c8695830}: 'java.lang.Object java.lang.invoke.DirectMethodHandle$Holder.invokeStatic(java.lang.Object, int, java.lang.Object)'> (0x00000000c8695830) 
thrown [s\open\src\hotspot\share\interpreter\linkResolver.cpp, line 759]
Event: 25.836 Thread 0x000002d1a5905670 Exception <a 'java/lang/NoSuchMethodError'{0x00000000c8313fc8}: 'java.lang.Object java.lang.invoke.DirectMethodHandle$Holder.invokeInterface(java.lang.Object, java.lang.Object, java.lang.Object)'> (0x00000000c8313fc8) 
thrown [s\open\src\hotspot\share\interpreter\linkResolver.cpp, line 759]
Event: 25.836 Thread 0x000002d1a5905670 Exception <a 'java/lang/IncompatibleClassChangeError'{0x00000000c8317930}: Found class java.lang.Object, but interface was expected> (0x00000000c8317930) 
thrown [s\open\src\hotspot\share\interpreter\linkResolver.cpp, line 826]
Event: 27.851 Thread 0x000002d1a5905670 Exception <a 'java/lang/NoSuchMethodError'{0x00000000c8068ef0}: 'java.lang.Object java.lang.invoke.DirectMethodHandle$Holder.newInvokeSpecial(java.lang.Object, int, java.lang.Object)'> (0x00000000c8068ef0) 
thrown [s\open\src\hotspot\share\interpreter\linkResolver.cpp, line 759]
Event: 31.886 Thread 0x000002d1a5905670 Implicit null exception at 0x000002d1b506f5e0 to 0x000002d1b506f68a
Event: 32.494 Thread 0x000002d1a5905670 Exception <a 'java/lang/NoSuchMethodError'{0x00000000c9728188}: 'java.lang.Object java.lang.invoke.Invokers$Holder.linkToTargetMethod(java.lang.Object, java.lang.Object, java.lang.Object, java.lang.Object, java.lang.Object, java.lang.Object, java.lang.Object)'> (0x00000000c9728188) 
thrown [s\open\src\hotspot\share\interpreter\linkResolver.cpp, line 759]
Event: 32.837 Thread 0x000002d1a5905670 Implicit null exception at 0x000002d1b50e61e0 to 0x000002d1b50ef6d0
Event: 33.969 Thread 0x000002d1a5905670 Exception <a 'java/lang/NoSuchMethodError'{0x00000000c8b8c850}: 'int java.lang.invoke.DirectMethodHandle$Holder.invokeStaticInit(java.lang.Object, int)'> (0x00000000c8b8c850) 
thrown [s\open\src\hotspot\share\interpreter\linkResolver.cpp, line 759]
Event: 37.983 Thread 0x000002d1a5905670 Exception <a 'java/lang/NoSuchMethodError'{0x00000000c9894950}: 'java.lang.Object java.lang.invoke.DirectMethodHandle$Holder.newInvokeSpecial(java.lang.Object, int, java.lang.Object, java.lang.Object)'> (0x00000000c9894950) 
thrown [s\open\src\hotspot\share\interpreter\linkResolver.cpp, line 759]
Event: 37.984 Thread 0x000002d1a5905670 Exception <a 'java/lang/NoSuchMethodError'{0x00000000c9899b48}: 'java.lang.Object java.lang.invoke.DirectMethodHandle$Holder.invokeSpecial(java.lang.Object, java.lang.Object, int, java.lang.Object, java.lang.Object)'> (0x00000000c9899b48) 
thrown [s\open\src\hotspot\share\interpreter\linkResolver.cpp, line 759]
Event: 39.489 Thread 0x000002d1a5905670 Implicit null exception at 0x000002d1b4d1cfd2 to 0x000002d1b4d1d46c
Event: 39.599 Thread 0x000002d1a5905670 Implicit null exception at 0x000002d1b4d1ded2 to 0x000002d1b4d1e360
Event: 43.552 Thread 0x000002d1a5905670 Implicit null exception at 0x000002d1b5132894 to 0x000002d1b5132f84
Event: 43.666 Thread 0x000002d1a5905670 Implicit null exception at 0x000002d1b4e025af to 0x000002d1b4e02648
Event: 44.027 Thread 0x000002d1a5905670 Exception <a 'java/lang/NoSuchMethodError'{0x00000000c9439710}: 'void java.lang.invoke.DirectMethodHandle$Holder.invokeStatic(java.lang.Object, java.lang.Object, java.lang.Object)'> (0x00000000c9439710) 
thrown [s\open\src\hotspot\share\interpreter\linkResolver.cpp, line 759]

VM Operations (20 events):
Event: 48.488 Executing VM operation: G1CollectForAllocation done
Event: 48.702 Executing VM operation: G1CollectForAllocation
Event: 48.704 Executing VM operation: G1CollectForAllocation done
Event: 49.032 Executing VM operation: G1CollectForAllocation
Event: 49.034 Executing VM operation: G1CollectForAllocation done
Event: 49.037 Executing VM operation: G1Concurrent
Event: 49.053 Executing VM operation: G1Concurrent done
Event: 49.226 Executing VM operation: G1Concurrent
Event: 49.227 Executing VM operation: G1Concurrent done
Event: 49.503 Executing VM operation: G1CollectForAllocation
Event: 49.505 Executing VM operation: G1CollectForAllocation done
Event: 49.531 Executing VM operation: G1CollectForAllocation
Event: 49.538 Executing VM operation: G1CollectForAllocation done
Event: 49.868 Executing VM operation: G1CollectForAllocation
Event: 49.869 Executing VM operation: G1CollectForAllocation done
Event: 50.337 Executing VM operation: G1CollectForAllocation
Event: 50.339 Executing VM operation: G1CollectForAllocation done
Event: 50.769 Executing VM operation: G1CollectForAllocation
Event: 50.773 Executing VM operation: G1CollectForAllocation done
Event: 51.091 Executing VM operation: G1Concurrent

Events (20 events):
Event: 44.218 Thread 0x000002d1c0b22c90 flushing nmethod 0x000002d1aeee8110
Event: 44.218 Thread 0x000002d1c0b22c90 flushing nmethod 0x000002d1aeefd410
Event: 44.218 Thread 0x000002d1c0b22c90 flushing nmethod 0x000002d1aef25e90
Event: 44.218 Thread 0x000002d1c0b22c90 flushing nmethod 0x000002d1aef4ae90
Event: 44.218 Thread 0x000002d1c0b22c90 flushing nmethod 0x000002d1aef55910
Event: 44.219 Thread 0x000002d1c0b22c90 flushing nmethod 0x000002d1aef64710
Event: 44.219 Thread 0x000002d1c0b22c90 flushing nmethod 0x000002d1aef72010
Event: 44.219 Thread 0x000002d1c0b22c90 flushing nmethod 0x000002d1aef83410
Event: 44.219 Thread 0x000002d1c0b22c90 flushing nmethod 0x000002d1af013010
Event: 44.219 Thread 0x000002d1c0b22c90 flushing nmethod 0x000002d1af019210
Event: 44.219 Thread 0x000002d1c0b22c90 flushing nmethod 0x000002d1af01a610
Event: 44.219 Thread 0x000002d1c0b22c90 flushing nmethod 0x000002d1af01ad90
Event: 44.219 Thread 0x000002d1c0b22c90 flushing nmethod 0x000002d1af01b490
Event: 44.220 Thread 0x000002d1c0b22c90 flushing nmethod 0x000002d1af124190
Event: 44.221 Thread 0x000002d1c0b22c90 flushing nmethod 0x000002d1af23f290
Event: 44.221 Thread 0x000002d1c0b22c90 flushing nmethod 0x000002d1af2e0190
Event: 44.223 Thread 0x000002d1c0b22c90 flushing nmethod 0x000002d1af4e0310
Event: 44.223 Thread 0x000002d1c0b22c90 flushing nmethod 0x000002d1af4fb290
Event: 44.225 Thread 0x000002d1c0b22c90 flushing nmethod 0x000002d1af68c710
Event: 44.227 Thread 0x000002d1c0b22c90 flushing nmethod 0x000002d1af8abb90


Dynamic libraries:
0x00007ff76d670000 - 0x00007ff76d680000 	C:\Program Files\Java\jdk-18.0.2.1\bin\java.exe
0x00007ffc32c10000 - 0x00007ffc32e24000 	C:\WINDOWS\SYSTEM32\ntdll.dll
0x00007ffc320e0000 - 0x00007ffc321a2000 	C:\WINDOWS\System32\KERNEL32.DLL
0x00007ffc30660000 - 0x00007ffc30a03000 	C:\WINDOWS\System32\KERNELBASE.dll
0x00007ffc30210000 - 0x00007ffc30321000 	C:\WINDOWS\System32\ucrtbase.dll
0x00007ffc140d0000 - 0x00007ffc140e8000 	C:\Program Files\Java\jdk-18.0.2.1\bin\jli.dll
0x00007ffc31370000 - 0x00007ffc3141e000 	C:\WINDOWS\System32\ADVAPI32.dll
0x00007ffc32320000 - 0x00007ffc323c7000 	C:\WINDOWS\System32\msvcrt.dll
0x00007ffc31590000 - 0x00007ffc31634000 	C:\WINDOWS\System32\sechost.dll
0x00007ffc31640000 - 0x00007ffc31757000 	C:\WINDOWS\System32\RPCRT4.dll
0x00007ffc319b0000 - 0x00007ffc31b5b000 	C:\WINDOWS\System32\USER32.dll
0x00007ffc300a0000 - 0x00007ffc300c6000 	C:\WINDOWS\System32\win32u.dll
0x00007ffc312a0000 - 0x00007ffc312c9000 	C:\WINDOWS\System32\GDI32.dll
0x00007ffc30540000 - 0x00007ffc30658000 	C:\WINDOWS\System32\gdi32full.dll
0x00007ffc30330000 - 0x00007ffc303ca000 	C:\WINDOWS\System32\msvcp_win.dll
0x00007ffc143d0000 - 0x00007ffc1465e000 	C:\WINDOWS\WinSxS\amd64_microsoft.windows.common-controls_6595b64144ccf1df_6.0.22621.1635_none_270f70857386168e\COMCTL32.dll
0x00007ffc26790000 - 0x00007ffc2679a000 	C:\WINDOWS\SYSTEM32\VERSION.dll
0x00007ffc140f0000 - 0x00007ffc1410a000 	C:\Program Files\Java\jdk-18.0.2.1\bin\VCRUNTIME140.dll
0x00007ffc31f10000 - 0x00007ffc31f41000 	C:\WINDOWS\System32\IMM32.DLL
0x00007ffc1ff60000 - 0x00007ffc1ff6c000 	C:\Program Files\Java\jdk-18.0.2.1\bin\vcruntime140_1.dll
0x00007ffc14000000 - 0x00007ffc1408d000 	C:\Program Files\Java\jdk-18.0.2.1\bin\msvcp140.dll
0x00007ffbd05a0000 - 0x00007ffbd11b1000 	C:\Program Files\Java\jdk-18.0.2.1\bin\server\jvm.dll
0x00007ffc314a0000 - 0x00007ffc314a8000 	C:\WINDOWS\System32\PSAPI.DLL
0x00007ffc27a90000 - 0x00007ffc27ac4000 	C:\WINDOWS\SYSTEM32\WINMM.dll
0x00007ffc136f0000 - 0x00007ffc136f9000 	C:\WINDOWS\SYSTEM32\WSOCK32.dll
0x00007ffc312f0000 - 0x00007ffc31361000 	C:\WINDOWS\System32\WS2_32.dll
0x00007ffc2f040000 - 0x00007ffc2f058000 	C:\WINDOWS\SYSTEM32\kernel.appcore.dll
0x00007ffc1f8f0000 - 0x00007ffc1f8fa000 	C:\Program Files\Java\jdk-18.0.2.1\bin\jimage.dll
0x00007ffc2d9c0000 - 0x00007ffc2dbee000 	C:\WINDOWS\SYSTEM32\DBGHELP.DLL
0x00007ffc31b80000 - 0x00007ffc31f09000 	C:\WINDOWS\System32\combase.dll
0x00007ffc314b0000 - 0x00007ffc31587000 	C:\WINDOWS\System32\OLEAUT32.dll
0x00007ffc136b0000 - 0x00007ffc136e2000 	C:\WINDOWS\SYSTEM32\dbgcore.DLL
0x00007ffc30190000 - 0x00007ffc3020b000 	C:\WINDOWS\System32\bcryptPrimitives.dll
0x00007ffbfc750000 - 0x00007ffbfc775000 	C:\Program Files\Java\jdk-18.0.2.1\bin\java.dll
0x00007ffbf2130000 - 0x00007ffbf2206000 	C:\Program Files\Java\jdk-18.0.2.1\bin\jsvml.dll
0x00007ffc323d0000 - 0x00007ffc32bca000 	C:\WINDOWS\System32\SHELL32.dll
0x00007ffc2dfe0000 - 0x00007ffc2e8ae000 	C:\WINDOWS\SYSTEM32\windows.storage.dll
0x00007ffc2dea0000 - 0x00007ffc2dfde000 	C:\WINDOWS\SYSTEM32\wintypes.dll
0x00007ffc321b0000 - 0x00007ffc322a1000 	C:\WINDOWS\System32\SHCORE.dll
0x00007ffc322c0000 - 0x00007ffc3231e000 	C:\WINDOWS\System32\shlwapi.dll
0x00007ffc2ff60000 - 0x00007ffc2ff81000 	C:\WINDOWS\SYSTEM32\profapi.dll
0x00007ffc140b0000 - 0x00007ffc140c3000 	C:\Program Files\Java\jdk-18.0.2.1\bin\net.dll
0x00007ffc270a0000 - 0x00007ffc271d7000 	C:\WINDOWS\SYSTEM32\WINHTTP.dll
0x00007ffc2f4b0000 - 0x00007ffc2f519000 	C:\WINDOWS\system32\mswsock.dll
0x00007ffc11b40000 - 0x00007ffc11b56000 	C:\Program Files\Java\jdk-18.0.2.1\bin\nio.dll
0x00007ffc08060000 - 0x00007ffc08078000 	C:\Program Files\Java\jdk-18.0.2.1\bin\zip.dll
0x00007ffc1eb00000 - 0x00007ffc1eb10000 	C:\Program Files\Java\jdk-18.0.2.1\bin\verify.dll

dbghelp: loaded successfully - version: 4.0.5 - missing functions: none
symbol engine: initialized successfully - sym options: 0x614 - pdb path: .;C:\Program Files\Java\jdk-18.0.2.1\bin;C:\WINDOWS\SYSTEM32;C:\WINDOWS\WinSxS\amd64_microsoft.windows.common-controls_6595b64144ccf1df_6.0.22621.1635_none_270f70857386168e;C:\Program Files\Java\jdk-18.0.2.1\bin\server

VM Arguments:
java_command: org.jetbrains.kotlin.cli.jvm.K2JVMCompiler @C:\Users\Lenovo\Desktop\arta_app\node_modules\expo-modules-core\android\build\20230523_18085497336439274580.compiler.options
java_class_path (initial): C:\Users\Lenovo\.gradle\caches\modules-2\files-2.1\org.jetbrains.kotlin\kotlin-compiler-embeddable\1.8.10\b0757fd774344d54ce93f5ad6c30ba1c1731c8ff\kotlin-compiler-embeddable-1.8.10.jar;C:\Users\Lenovo\.gradle\caches\modules-2\files-2.1\org.jetbrains.kotlin\kotlin-stdlib\1.8.10\6d5560a229477df9406943d5feda5618e98eb64c\kotlin-stdlib-1.8.10.jar;C:\Users\Lenovo\.gradle\caches\modules-2\files-2.1\org.jetbrains.kotlin\kotlin-script-runtime\1.8.10\b13ea9c7e46d589139e56086a878763290e20bd5\kotlin-script-runtime-1.8.10.jar;C:\Users\Lenovo\.gradle\caches\modules-2\files-2.1\org.jetbrains.kotlin\kotlin-reflect\1.6.10\1cbe9c92c12a94eea200d23c2bbaedaf3daf5132\kotlin-reflect-1.6.10.jar;C:\Users\Lenovo\.gradle\caches\modules-2\files-2.1\org.jetbrains.kotlin\kotlin-daemon-embeddable\1.8.10\ad8541d9bc1cf9e52c3204161247910c2cf601d4\kotlin-daemon-embeddable-1.8.10.jar;C:\Users\Lenovo\.gradle\caches\modules-2\files-2.1\org.jetbrains.intellij.deps\trove4j\1.0.20200330\3afb14d5f9ceb459d724e907a21145e8ff394f02\trove4j-1.0.20200330.jar;C:\Users\Lenovo\.gradle\caches\modules-2\files-2.1\net.java.dev.jna\jna\5.6.0\330f2244e9030119ab3030fc3fededc86713d9cc\jna-5.6.0.jar;C:\Users\Lenovo\.gradle\caches\modules-2\files-2.1\org.jetbrains.kotlin\kotlin-stdlib-common\1.8.10\a61b182458550492c12aee66157d7b524a63a5ec\kotlin-stdlib-common-1.8.10.jar;C:\Users\Lenovo\.gradle\caches\modules-2\files-2.1\org.jetbrains\annotations\13.0\919f0dfe192fb4e063e7dacadee7f8bb9a2672a9\annotations-13.0.jar
Launcher Type: SUN_STANDARD

[Global flags]
     intx CICompilerCount                          = 3                                         {product} {ergonomic}
     uint ConcGCThreads                            = 1                                         {product} {ergonomic}
     uint G1ConcRefinementThreads                  = 4                                         {product} {ergonomic}
   size_t G1HeapRegionSize                         = 1048576                                   {product} {ergonomic}
    uintx GCDrainStackTargetSize                   = 64                                        {product} {ergonomic}
   size_t InitialHeapSize                          = 65011712                                  {product} {ergonomic}
   size_t MarkStackSize                            = 4194304                                   {product} {ergonomic}
   size_t MaxHeapSize                              = 1031798784                                {product} {ergonomic}
   size_t MaxNewSize                               = 618659840                                 {product} {ergonomic}
   size_t MinHeapDeltaBytes                        = 1048576                                   {product} {ergonomic}
   size_t MinHeapSize                              = 8388608                                   {product} {ergonomic}
    uintx NonNMethodCodeHeapSize                   = 5832780                                {pd product} {ergonomic}
    uintx NonProfiledCodeHeapSize                  = 122912730                              {pd product} {ergonomic}
    uintx ProfiledCodeHeapSize                     = 122912730                              {pd product} {ergonomic}
    uintx ReservedCodeCacheSize                    = 251658240                              {pd product} {ergonomic}
     bool SegmentedCodeCache                       = true                                      {product} {ergonomic}
   size_t SoftMaxHeapSize                          = 1031798784                             {manageable} {ergonomic}
     bool UseCompressedClassPointers               = true                           {product lp64_product} {ergonomic}
     bool UseCompressedOops                        = true                           {product lp64_product} {ergonomic}
     bool UseG1GC                                  = true                                      {product} {ergonomic}
     bool UseLargePagesIndividualAllocation        = false                                  {pd product} {ergonomic}

Logging:
Log output configuration:
 #0: stdout all=warning uptime,level,tags foldmultilines=false
 #1: stderr all=off uptime,level,tags foldmultilines=false

Environment Variables:
CLASSPATH=C:\Users\Lenovo\Desktop\arta_app\android\\gradle\wrapper\gradle-wrapper.jar
PATH=C:\Users\Lenovo\Desktop\arta_app\node_modules\.bin;C:\Users\Lenovo\Desktop\arta_app\node_modules\.bin;C:\Users\Lenovo\Desktop\node_modules\.bin;C:\Users\Lenovo\node_modules\.bin;C:\Users\node_modules\.bin;C:\node_modules\.bin;C:\Users\Lenovo\AppData\Roaming\npm\node_modules\npm\node_modules\@npmcli\run-script\lib\node-gyp-bin;C:\Program Files\Common Files\Oracle\Java\javapath;"C: \ Windows \ System32;";C:\ProgramData\Oracle\Java\javapath;C:\WINDOWS\system32;C:\WINDOWS;C:\WINDOWS\System32\Wbem;C:\WINDOWS\System32\WindowsPowerShell\v1.0\;C:\WINDOWS\System32\OpenSSH\;C:\Users\Lenovo\AppData\Roaming\Python\Python39\Scripts;C:\Program Files\Git\cmd;C:\ProgramData\ComposerSetup\bin;C:\ProgramData\chocolatey\bin;C:\php-8.1.5;C:\Users\Lenovo\AppData\Local\Android\Sdk\platform-tools;C:\Program Files\nodejs\;C:\laragon\bin\php\php-8.1.12-nts-Win32-vs16-x64;C:\laragon\bin;C:\laragon\bin\apache\httpd-2.4.47-win64-VS16\bin;C:\laragon\bin\composer;C:\laragon\bin\git\bin;C:\laragon\bin\git\cmd;C:\laragon\bin\git\mingw64\bin;C:\laragon\bin\git\usr\bin;C:\laragon\bin\laragon\utils;C:\laragon\bin\mysql\mysql-5.7.33-winx64\bin;C:\laragon\bin\nginx\nginx-1.19.10;C:\laragon\bin\ngrok;C:\laragon\bin\nodejs\node-v14;C:\laragon\bin\notepad++;C:\laragon\bin\redis\redis-x64-3.2.100;C:\laragon\bin\telnet;C:\laragon\usr\bin;C:\Users\Lenovo\AppData\Local\Yarn\config\global\node_modules\.bin;C:\Users\Lenovo\AppData\Roaming\Composer\vendor\bin;C:\Users\Lenovo\AppData\Roaming\npm;C:\Users\Lenovo\AppData\Local\Microsoft\WindowsApps;C:\Users\Lenovo\AppData\Local\GitHubDesktop\bin;C:\Users\Lenovo\AppData\Local\Programs\Microsoft VS Code\bin;C:\xampp\php;C:\src\flutter\bin;C:\Users\Lenovo\AppData\Local\Microsoft\WindowsApps;C:\Program Files (x86)\Pari64-2-15-1;C:\Program Files (x86)\Nmap
USERNAME=hanizar
LANG=en_US.UTF-8
OS=Windows_NT
PROCESSOR_IDENTIFIER=Intel64 Family 6 Model 142 Stepping 12, GenuineIntel



---------------  S Y S T E M  ---------------

OS:
 Windows 11 , 64 bit Build 22621 (10.0.22621.1635)
OS uptime: 2 days 7:18 hours
Hyper-V role detected

CPU: total 4 (initial active 4) (2 cores per cpu, 2 threads per core) family 6 model 142 stepping 12 microcode 0xec, cx8, cmov, fxsr, ht, mmx, 3dnowpref, sse, sse2, sse3, ssse3, sse4.1, sse4.2, popcnt, lzcnt, tsc, tscinvbit, aes, erms, clmul, clflush, clflushopt, hv

Memory: 4k page, system-wide physical 3930M (159M free)
TotalPageFile size 16218M (AvailPageFile size 31M)
current process WorkingSet (physical memory assigned to process): 264M, peak: 285M
current process commit charge ("private bytes"): 377M, peak: 431M

vm_info: Java HotSpot(TM) 64-Bit Server VM (18.0.2.1+1-1) for windows-amd64 JRE (18.0.2.1+1-1), built on Aug 16 2022 01:46:33 by "mach5one" with MS VC++ 16.8 / 16.9 (VS2019)

END.
